






Started logging.

<<<
Content-Length: 3061

{"jsonrpc":"2.0","id":0,"method":"initialize","params":{"processId":23292,"clientInfo":{"name":"vscode","version":"1.53.2"},"rootPath":"c:\\KoNaR\\Warsztaty_2022_ZIMA\\button_interupt","rootUri":"file:///c%3A/KoNaR/Warsztaty_2022_ZIMA/button_interupt","capabilities":{"workspace":{"applyEdit":true,"workspaceEdit":{"documentChanges":true,"resourceOperations":["create","rename","delete"],"failureHandling":"textOnlyTransactional"},"didChangeConfiguration":{"dynamicRegistration":true},"didChangeWatchedFiles":{"dynamicRegistration":true},"symbol":{"dynamicRegistration":true,"symbolKind":{"valueSet":[1,2,3,4,5,6,7,8,9,10,11,12,13,14,15,16,17,18,19,20,21,22,23,24,25,26]}},"executeCommand":{"dynamicRegistration":true},"configuration":true,"workspaceFolders":true},"textDocument":{"publishDiagnostics":{"relatedInformation":true,"versionSupport":false,"tagSupport":{"valueSet":[1,2]}},"synchronization":{"dynamicRegistration":true,"willSave":true,"willSaveWaitUntil":true,"didSave":true},"completion":{"dynamicRegistration":true,"contextSupport":true,"completionItem":{"snippetSupport":true,"commitCharactersSupport":true,"documentationFormat":["markdown","plaintext"],"deprecatedSupport":true,"preselectSupport":true,"tagSupport":{"valueSet":[1]}},"completionItemKind":{"valueSet":[1,2,3,4,5,6,7,8,9,10,11,12,13,14,15,16,17,18,19,20,21,22,23,24,25]}},"hover":{"dynamicRegistration":true,"contentFormat":["markdown","plaintext"]},"signatureHelp":{"dynamicRegistration":true,"signatureInformation":{"documentationFormat":["markdown","plaintext"],"parameterInformation":{"labelOffsetSupport":true}},"contextSupport":true},"definition":{"dynamicRegistration":true,"linkSupport":true},"references":{"dynamicRegistration":true},"documentHighlight":{"dynamicRegistration":true},"documentSymbol":{"dynamicRegistration":true,"symbolKind":{"valueSet":[1,2,3,4,5,6,7,8,9,10,11,12,13,14,15,16,17,18,19,20,21,22,23,24,25,26]},"hierarchicalDocumentSymbolSupport":true},"codeAction":{"dynamicRegistration":true,"isPreferredSupport":true,"codeActionLiteralSupport":{"codeActionKind":{"valueSet":["","quickfix","refactor","refactor.extract","refactor.inline","refactor.rewrite","source","source.organizeImports"]}}},"codeLens":{"dynamicRegistration":true},"formatting":{"dynamicRegistration":true},"rangeFormatting":{"dynamicRegistration":true},"onTypeFormatting":{"dynamicRegistration":true},"rename":{"dynamicRegistration":true,"prepareSupport":true},"documentLink":{"dynamicRegistration":true,"tooltipSupport":true},"typeDefinition":{"dynamicRegistration":true,"linkSupport":true},"implementation":{"dynamicRegistration":true,"linkSupport":true},"colorProvider":{"dynamicRegistration":true},"foldingRange":{"dynamicRegistration":true,"rangeLimit":5000,"lineFoldingOnly":true},"declaration":{"dynamicRegistration":true,"linkSupport":true},"selectionRange":{"dynamicRegistration":true}},"window":{"workDoneProgress":true}},"initializationOptions":{},"trace":"off","workspaceFolders":[{"uri":"file:///c%3A/KoNaR/Warsztaty_2022_ZIMA/button_interupt","name":"button_interupt"}]}}
>>>
Content-Length: 936

{"jsonrpc":"2.0","id":0,"result":{"capabilities":{"textDocumentSync":{"openClose":true,"change":2,"save":{"includeText":true}},"completionProvider":{"triggerCharacters":[".","\u003c","\u003e",":","\"","/"],"allCommitCharacters":[" ","\t","(",")","[","]","{","}","\u003c","\u003e",":",";",",","+","-","/","*","%","^","\u0026","#","?",".","=","\"","'","|"],"completionItem":{}},"hoverProvider":{},"signatureHelpProvider":{"triggerCharacters":["(",","]},"definitionProvider":{},"documentHighlightProvider":{},"documentSymbolProvider":{},"codeActionProvider":{"codeActionKinds":["quickfix","refactor","info"]},"documentFormattingProvider":{},"documentRangeFormattingProvider":{},"documentOnTypeFormattingProvider":{"firstTriggerCharacter":"\n"},"renameProvider":{},"executeCommandProvider":{"commands":["clangd.applyFix","clangd.applyTweak"]},"workspaceSymbolProvider":{}},"serverInfo":{"name":"arduino-language-server","version":"0.7.2"}}}
<<<
Content-Length: 52

{"jsonrpc":"2.0","method":"initialized","params":{}}Content-Length: 1659

{"jsonrpc":"2.0","method":"textDocument/didOpen","params":{"textDocument":{"uri":"file:///c%3A/KoNaR/Warsztaty_2022_ZIMA/button_interupt/button_interupt.ino","languageId":"cpp","version":1,"text":"/*\n Przykład przedstawiający zapalenie diody po naciśnięciu przycisku, przy użyciu przerwania.\n\n Funkcja pinMode oraz digitalWrite może się przydać przy sterowaniu silników.\nPrzerwanie działa tak że kiedy zostanie wykryty odpowiedni stan na odpowiednim pinie\nto mikrokontroler przerywa aktulanie wykonany kod i uruchamia funkcję przypisaną do \ndo odpowiedniego pinu. Gdy się wykona powraca on do miesjca w głównym kodzie w którym\npraca została przerwana.\n*/\n\n//opcjonalne na Arduino IDE\n#include <Arduino.h>\n\n// wbudowana w pico dioda LED na pinie 25\n#define LED 25\n\n// podłącz przycisku do tego pinu, może być dowolny inny pin\n#define BUTTON 16 \n\nvoid zmieni_przycisk()\n{\n  digitalWrite(LED,!digitalRead(BUTTON));\n}\n\n\nvoid setup() {\n  // put your setup code here, to run once:\n\n  // ustawienie pinu 25 jako wyjście\n  pinMode(LED,OUTPUT);\n\n  // ustawienie pinu z przyciskiem na wejście z wenwnętrznym rezystorem podpiętym do zasilania\n  pinMode(BUTTON,INPUT_PULLUP);\n\n  // tak też można ale do pinu musisz jeszcze podpiąć rezystor podciągnięty do zasilania\n  //pinMode(BUTTON,INPUT);\n\n  //ustawienie LED w stan niski (równoważne z zgaszeniem diody)\n  digitalWrite(LED,LOW);\n\n  //funkcja zmieni_przycsik włączy się kiedy zostanie wykryta zmianna stanu na pinie BUTTON.\n  attachInterrupt(BUTTON,zmieni_przycisk,CHANGE);\n\n}\n\nvoid loop() {\n// wyszstko wykonuje przerwanie :)\n}\n"}}}Content-Length: 275

{"jsonrpc":"2.0","id":1,"method":"textDocument/codeAction","params":{"textDocument":{"uri":"file:///c%3A/KoNaR/Warsztaty_2022_ZIMA/button_interupt/button_interupt.ino"},"range":{"start":{"line":5,"character":77},"end":{"line":5,"character":77}},"context":{"diagnostics":[]}}}Content-Length: 174

{"jsonrpc":"2.0","id":2,"method":"textDocument/documentSymbol","params":{"textDocument":{"uri":"file:///c%3A/KoNaR/Warsztaty_2022_ZIMA/button_interupt/button_interupt.ino"}}}
>>>
Content-Length: 113

{"jsonrpc":"2.0","id":"1","method":"window/workDoneProgress/create","params":{"token":"backgroundIndexProgress"}}Content-Length: 36

{"jsonrpc":"2.0","id":1,"result":[]}Content-Length: 667

{"jsonrpc":"2.0","id":2,"result":[{"name":"zmieni_przycisk","detail":"void ()","kind":12,"range":{"start":{"line":19,"character":0},"end":{"line":22,"character":1}},"selectionRange":{"start":{"line":19,"character":5},"end":{"line":19,"character":20}}},{"name":"setup","detail":"void ()","kind":12,"range":{"start":{"line":25,"character":0},"end":{"line":43,"character":1}},"selectionRange":{"start":{"line":25,"character":5},"end":{"line":25,"character":10}}},{"name":"loop","detail":"void ()","kind":12,"range":{"start":{"line":45,"character":0},"end":{"line":47,"character":1}},"selectionRange":{"start":{"line":45,"character":5},"end":{"line":45,"character":9}}}]}
<<<
Content-Length: 40

{"jsonrpc":"2.0","id":"1","result":null}
>>>
Content-Length: 143

{"jsonrpc":"2.0","method":"$/progress","params":{"token":"backgroundIndexProgress","value":{"kind":"begin","title":"indexing","percentage":0}}}Content-Length: 142

{"jsonrpc":"2.0","method":"$/progress","params":{"token":"backgroundIndexProgress","value":{"kind":"report","message":"3/35","percentage":8}}}Content-Length: 143

{"jsonrpc":"2.0","method":"$/progress","params":{"token":"backgroundIndexProgress","value":{"kind":"report","message":"4/35","percentage":11}}}Content-Length: 143

{"jsonrpc":"2.0","method":"$/progress","params":{"token":"backgroundIndexProgress","value":{"kind":"report","message":"5/35","percentage":14}}}Content-Length: 143

{"jsonrpc":"2.0","method":"$/progress","params":{"token":"backgroundIndexProgress","value":{"kind":"report","message":"5/35","percentage":14}}}Content-Length: 143

{"jsonrpc":"2.0","method":"$/progress","params":{"token":"backgroundIndexProgress","value":{"kind":"report","message":"6/35","percentage":17}}}Content-Length: 143

{"jsonrpc":"2.0","method":"$/progress","params":{"token":"backgroundIndexProgress","value":{"kind":"report","message":"6/35","percentage":17}}}Content-Length: 143

{"jsonrpc":"2.0","method":"$/progress","params":{"token":"backgroundIndexProgress","value":{"kind":"report","message":"7/35","percentage":20}}}Content-Length: 143

{"jsonrpc":"2.0","method":"$/progress","params":{"token":"backgroundIndexProgress","value":{"kind":"report","message":"8/35","percentage":22}}}Content-Length: 143

{"jsonrpc":"2.0","method":"$/progress","params":{"token":"backgroundIndexProgress","value":{"kind":"report","message":"9/35","percentage":25}}}Content-Length: 144

{"jsonrpc":"2.0","method":"$/progress","params":{"token":"backgroundIndexProgress","value":{"kind":"report","message":"10/35","percentage":28}}}Content-Length: 144

{"jsonrpc":"2.0","method":"$/progress","params":{"token":"backgroundIndexProgress","value":{"kind":"report","message":"11/35","percentage":31}}}Content-Length: 144

{"jsonrpc":"2.0","method":"$/progress","params":{"token":"backgroundIndexProgress","value":{"kind":"report","message":"12/35","percentage":34}}}Content-Length: 144

{"jsonrpc":"2.0","method":"$/progress","params":{"token":"backgroundIndexProgress","value":{"kind":"report","message":"12/35","percentage":34}}}Content-Length: 144

{"jsonrpc":"2.0","method":"$/progress","params":{"token":"backgroundIndexProgress","value":{"kind":"report","message":"13/35","percentage":37}}}Content-Length: 144

{"jsonrpc":"2.0","method":"$/progress","params":{"token":"backgroundIndexProgress","value":{"kind":"report","message":"13/35","percentage":37}}}Content-Length: 144

{"jsonrpc":"2.0","method":"$/progress","params":{"token":"backgroundIndexProgress","value":{"kind":"report","message":"14/35","percentage":40}}}Content-Length: 144

{"jsonrpc":"2.0","method":"$/progress","params":{"token":"backgroundIndexProgress","value":{"kind":"report","message":"14/35","percentage":40}}}Content-Length: 144

{"jsonrpc":"2.0","method":"$/progress","params":{"token":"backgroundIndexProgress","value":{"kind":"report","message":"15/35","percentage":42}}}Content-Length: 144

{"jsonrpc":"2.0","method":"$/progress","params":{"token":"backgroundIndexProgress","value":{"kind":"report","message":"15/35","percentage":42}}}Content-Length: 144

{"jsonrpc":"2.0","method":"$/progress","params":{"token":"backgroundIndexProgress","value":{"kind":"report","message":"16/35","percentage":45}}}Content-Length: 144

{"jsonrpc":"2.0","method":"$/progress","params":{"token":"backgroundIndexProgress","value":{"kind":"report","message":"16/35","percentage":45}}}Content-Length: 144

{"jsonrpc":"2.0","method":"$/progress","params":{"token":"backgroundIndexProgress","value":{"kind":"report","message":"17/35","percentage":48}}}Content-Length: 144

{"jsonrpc":"2.0","method":"$/progress","params":{"token":"backgroundIndexProgress","value":{"kind":"report","message":"18/35","percentage":51}}}Content-Length: 144

{"jsonrpc":"2.0","method":"$/progress","params":{"token":"backgroundIndexProgress","value":{"kind":"report","message":"19/35","percentage":54}}}Content-Length: 144

{"jsonrpc":"2.0","method":"$/progress","params":{"token":"backgroundIndexProgress","value":{"kind":"report","message":"20/35","percentage":57}}}Content-Length: 144

{"jsonrpc":"2.0","method":"$/progress","params":{"token":"backgroundIndexProgress","value":{"kind":"report","message":"21/35","percentage":60}}}Content-Length: 144

{"jsonrpc":"2.0","method":"$/progress","params":{"token":"backgroundIndexProgress","value":{"kind":"report","message":"22/35","percentage":62}}}Content-Length: 144

{"jsonrpc":"2.0","method":"$/progress","params":{"token":"backgroundIndexProgress","value":{"kind":"report","message":"23/35","percentage":65}}}Content-Length: 144

{"jsonrpc":"2.0","method":"$/progress","params":{"token":"backgroundIndexProgress","value":{"kind":"report","message":"23/35","percentage":65}}}Content-Length: 144

{"jsonrpc":"2.0","method":"$/progress","params":{"token":"backgroundIndexProgress","value":{"kind":"report","message":"24/35","percentage":68}}}Content-Length: 144

{"jsonrpc":"2.0","method":"$/progress","params":{"token":"backgroundIndexProgress","value":{"kind":"report","message":"25/35","percentage":71}}}Content-Length: 144

{"jsonrpc":"2.0","method":"$/progress","params":{"token":"backgroundIndexProgress","value":{"kind":"report","message":"25/35","percentage":71}}}Content-Length: 144

{"jsonrpc":"2.0","method":"$/progress","params":{"token":"backgroundIndexProgress","value":{"kind":"report","message":"26/35","percentage":74}}}Content-Length: 144

{"jsonrpc":"2.0","method":"$/progress","params":{"token":"backgroundIndexProgress","value":{"kind":"report","message":"27/35","percentage":77}}}Content-Length: 144

{"jsonrpc":"2.0","method":"$/progress","params":{"token":"backgroundIndexProgress","value":{"kind":"report","message":"28/35","percentage":80}}}Content-Length: 144

{"jsonrpc":"2.0","method":"$/progress","params":{"token":"backgroundIndexProgress","value":{"kind":"report","message":"29/35","percentage":82}}}Content-Length: 144

{"jsonrpc":"2.0","method":"$/progress","params":{"token":"backgroundIndexProgress","value":{"kind":"report","message":"30/35","percentage":85}}}Content-Length: 144

{"jsonrpc":"2.0","method":"$/progress","params":{"token":"backgroundIndexProgress","value":{"kind":"report","message":"31/35","percentage":88}}}Content-Length: 144

{"jsonrpc":"2.0","method":"$/progress","params":{"token":"backgroundIndexProgress","value":{"kind":"report","message":"32/35","percentage":91}}}Content-Length: 144

{"jsonrpc":"2.0","method":"$/progress","params":{"token":"backgroundIndexProgress","value":{"kind":"report","message":"33/35","percentage":94}}}Content-Length: 144

{"jsonrpc":"2.0","method":"$/progress","params":{"token":"backgroundIndexProgress","value":{"kind":"report","message":"34/35","percentage":97}}}Content-Length: 107

{"jsonrpc":"2.0","method":"$/progress","params":{"token":"backgroundIndexProgress","value":{"kind":"end"}}}
<<<
Content-Length: 58

{"jsonrpc":"2.0","id":3,"method":"shutdown","params":null}
>>>
Content-Length: 38

{"jsonrpc":"2.0","id":3,"result":null}
<<<
Content-Length: 47

{"jsonrpc":"2.0","method":"exit","params":null}