






Started logging.

>>>
Content-Length: 3102

{"jsonrpc":"2.0","id":"1","method":"initialize","params":{"processId":23292,"clientInfo":{"name":"vscode","version":"1.53.2"},"rootPath":"C:\\Users\\patry\\AppData\\Local\\Temp\\arduino-language-server2514283856\\sketch","rootUri":"file:///C:/Users/patry/AppData/Local/Temp/arduino-language-server2514283856/sketch","initializationOptions":{},"capabilities":{"workspace":{"applyEdit":true,"workspaceEdit":{"documentChanges":true,"resourceOperations":["create","rename","delete"],"failureHandling":"textOnlyTransactional"},"didChangeConfiguration":{"dynamicRegistration":true},"didChangeWatchedFiles":{"dynamicRegistration":true},"symbol":{"dynamicRegistration":true,"symbolKind":{"valueSet":[1,2,3,4,5,6,7,8,9,10,11,12,13,14,15,16,17,18,19,20,21,22,23,24,25,26]}},"executeCommand":{"dynamicRegistration":true},"workspaceFolders":true,"configuration":true},"textDocument":{"synchronization":{"dynamicRegistration":true,"willSave":true,"willSaveWaitUntil":true,"didSave":true},"completion":{"dynamicRegistration":true,"completionItem":{"snippetSupport":true,"commitCharactersSupport":true,"documentationFormat":["markdown","plaintext"],"deprecatedSupport":true,"preselectSupport":true,"tagSupport":{"valueSet":[1]}},"completionItemKind":{"valueSet":[1,2,3,4,5,6,7,8,9,10,11,12,13,14,15,16,17,18,19,20,21,22,23,24,25]},"contextSupport":true},"hover":{"dynamicRegistration":true,"contentFormat":["markdown","plaintext"]},"signatureHelp":{"dynamicRegistration":true,"signatureInformation":{"documentationFormat":["markdown","plaintext"],"parameterInformation":{"labelOffsetSupport":true}},"contextSupport":true},"declaration":{"dynamicRegistration":true,"linkSupport":true},"definition":{"dynamicRegistration":true,"linkSupport":true},"typeDefinition":{"dynamicRegistration":true,"linkSupport":true},"implementation":{"dynamicRegistration":true,"linkSupport":true},"references":{"dynamicRegistration":true},"documentHighlight":{"dynamicRegistration":true},"documentSymbol":{"dynamicRegistration":true,"symbolKind":{"valueSet":[1,2,3,4,5,6,7,8,9,10,11,12,13,14,15,16,17,18,19,20,21,22,23,24,25,26]},"hierarchicalDocumentSymbolSupport":true},"codeAction":{"dynamicRegistration":true,"codeActionLiteralSupport":{"codeActionKind":{"valueSet":["","quickfix","refactor","refactor.extract","refactor.inline","refactor.rewrite","source","source.organizeImports"]}},"isPreferredSupport":true},"codeLens":{"dynamicRegistration":true},"documentLink":{"dynamicRegistration":true,"tooltipSupport":true},"colorProvider":{"dynamicRegistration":true},"formatting":{"dynamicRegistration":true},"rangeFormatting":{"dynamicRegistration":true},"onTypeFormatting":{"dynamicRegistration":true},"rename":{"dynamicRegistration":true,"prepareSupport":true},"publishDiagnostics":{"relatedInformation":true,"tagSupport":{"valueSet":[1,2]}},"foldingRange":{"dynamicRegistration":true,"rangeLimit":5000,"lineFoldingOnly":true},"selectionRange":{"dynamicRegistration":true}},"window":{"workDoneProgress":true}},"trace":"off","workspaceFolders":[{"uri":"file:///c%3A/KoNaR/Warsztaty_2022_ZIMA/button_interupt","name":"button_interupt"}]}}
<<<
Content-Length: 1905

{"id":"1","jsonrpc":"2.0","result":{"capabilities":{"astProvider":true,"callHierarchyProvider":true,"clangdInlayHintsProvider":true,"codeActionProvider":{"codeActionKinds":["quickfix","refactor","info"]},"compilationDatabase":{"automaticReload":true},"completionProvider":{"allCommitCharacters":[" ","\t","(",")","[","]","{","}","<",">",":",";",",","+","-","/","*","%","^","&","#","?",".","=","\"","'","|"],"resolveProvider":false,"triggerCharacters":[".","<",">",":","\"","/","*"]},"declarationProvider":true,"definitionProvider":true,"documentFormattingProvider":true,"documentHighlightProvider":true,"documentLinkProvider":{"resolveProvider":false},"documentOnTypeFormattingProvider":{"firstTriggerCharacter":"\n","moreTriggerCharacter":[]},"documentRangeFormattingProvider":true,"documentSymbolProvider":true,"executeCommandProvider":{"commands":["clangd.applyFix","clangd.applyTweak"]},"hoverProvider":true,"implementationProvider":true,"memoryUsageProvider":true,"referencesProvider":true,"renameProvider":{"prepareProvider":true},"selectionRangeProvider":true,"semanticTokensProvider":{"full":{"delta":true},"legend":{"tokenModifiers":["declaration","deprecated","deduced","readonly","static","abstract","virtual","dependentName","defaultLibrary","usedAsMutableReference","functionScope","classScope","fileScope","globalScope"],"tokenTypes":["variable","variable","parameter","function","method","function","property","variable","class","interface","enum","enumMember","type","type","unknown","namespace","typeParameter","concept","type","macro","comment"]},"range":false},"signatureHelpProvider":{"triggerCharacters":["(",")","{","}","<",">",","]},"textDocumentSync":{"change":2,"openClose":true,"save":true},"typeDefinitionProvider":true,"typeHierarchyProvider":true,"workspaceSymbolProvider":true},"serverInfo":{"name":"clangd","version":"clangd version 14.0.0 windows x86_64-pc-windows-msvc"}}}
>>>
Content-Length: 52

{"jsonrpc":"2.0","method":"initialized","params":{}}Content-Length: 2211

{"jsonrpc":"2.0","method":"textDocument/didOpen","params":{"textDocument":{"uri":"file:///C:/Users/patry/AppData/Local/Temp/arduino-language-server2514283856/sketch/button_interupt.ino.cpp","languageId":"cpp","version":1,"text":"#line 1 \"C:\\\\KoNaR\\\\Warsztaty_2022_ZIMA\\\\button_interupt\\\\button_interupt.ino\"\n/*\n Przykład przedstawiający zapalenie diody po naciśnięciu przycisku, przy użyciu przerwania.\n\n Funkcja pinMode oraz digitalWrite może się przydać przy sterowaniu silników.\nPrzerwanie działa tak że kiedy zostanie wykryty odpowiedni stan na odpowiednim pinie\nto mikrokontroler przerywa aktulanie wykonany kod i uruchamia funkcję przypisaną do \ndo odpowiedniego pinu. Gdy się wykona powraca on do miesjca w głównym kodzie w którym\npraca została przerwana.\n*/\n\n//opcjonalne na Arduino IDE\n#include \u003cArduino.h\u003e\n\n// wbudowana w pico dioda LED na pinie 25\n#define LED 25\n\n// podłącz przycisku do tego pinu, może być dowolny inny pin\n#define BUTTON 16 \n\n#line 20 \"C:\\\\KoNaR\\\\Warsztaty_2022_ZIMA\\\\button_interupt\\\\button_interupt.ino\"\nvoid zmieni_przycisk();\n#line 26 \"C:\\\\KoNaR\\\\Warsztaty_2022_ZIMA\\\\button_interupt\\\\button_interupt.ino\"\nvoid setup();\n#line 46 \"C:\\\\KoNaR\\\\Warsztaty_2022_ZIMA\\\\button_interupt\\\\button_interupt.ino\"\nvoid loop();\n#line 20 \"C:\\\\KoNaR\\\\Warsztaty_2022_ZIMA\\\\button_interupt\\\\button_interupt.ino\"\nvoid zmieni_przycisk()\n{\n  digitalWrite(LED,!digitalRead(BUTTON));\n}\n\n\nvoid setup() {\n  // put your setup code here, to run once:\n\n  // ustawienie pinu 25 jako wyjście\n  pinMode(LED,OUTPUT);\n\n  // ustawienie pinu z przyciskiem na wejście z wenwnętrznym rezystorem podpiętym do zasilania\n  pinMode(BUTTON,INPUT_PULLUP);\n\n  // tak też można ale do pinu musisz jeszcze podpiąć rezystor podciągnięty do zasilania\n  //pinMode(BUTTON,INPUT);\n\n  //ustawienie LED w stan niski (równoważne z zgaszeniem diody)\n  digitalWrite(LED,LOW);\n\n  //funkcja zmieni_przycsik włączy się kiedy zostanie wykryta zmianna stanu na pinie BUTTON.\n  attachInterrupt(BUTTON,zmieni_przycisk,CHANGE);\n\n}\n\nvoid loop() {\n// wyszstko wykonuje przerwanie :)\n}\n\n"}}}Content-Length: 309

{"jsonrpc":"2.0","id":"2","method":"textDocument/codeAction","params":{"textDocument":{"uri":"file:///C:/Users/patry/AppData/Local/Temp/arduino-language-server2514283856/sketch/button_interupt.ino.cpp"},"range":{"start":{"line":6,"character":77},"end":{"line":6,"character":77}},"context":{"diagnostics":[]}}}
<<<
Content-Length: 180

{"jsonrpc":"2.0","method":"textDocument/publishDiagnostics","params":{"diagnostics":[],"uri":"file:///C:/Users/patry/AppData/Local/Temp/arduino-language-server2514283856/.clangd"}}Content-Length: 111

{"id":0,"jsonrpc":"2.0","method":"window/workDoneProgress/create","params":{"token":"backgroundIndexProgress"}}
>>>
Content-Length: 38

{"jsonrpc":"2.0","id":0,"result":null}
<<<
Content-Length: 143

{"jsonrpc":"2.0","method":"$/progress","params":{"token":"backgroundIndexProgress","value":{"kind":"begin","percentage":0,"title":"indexing"}}}Content-Length: 141

{"jsonrpc":"2.0","method":"$/progress","params":{"token":"backgroundIndexProgress","value":{"kind":"report","message":"0/1","percentage":0}}}Content-Length: 142

{"jsonrpc":"2.0","method":"$/progress","params":{"token":"backgroundIndexProgress","value":{"kind":"report","message":"0/35","percentage":0}}}Content-Length: 142

{"jsonrpc":"2.0","method":"$/progress","params":{"token":"backgroundIndexProgress","value":{"kind":"report","message":"0/35","percentage":0}}}Content-Length: 142

{"jsonrpc":"2.0","method":"$/progress","params":{"token":"backgroundIndexProgress","value":{"kind":"report","message":"0/35","percentage":0}}}Content-Length: 142

{"jsonrpc":"2.0","method":"$/progress","params":{"token":"backgroundIndexProgress","value":{"kind":"report","message":"0/35","percentage":0}}}Content-Length: 142

{"jsonrpc":"2.0","method":"$/progress","params":{"token":"backgroundIndexProgress","value":{"kind":"report","message":"0/35","percentage":0}}}Content-Length: 142

{"jsonrpc":"2.0","method":"$/progress","params":{"token":"backgroundIndexProgress","value":{"kind":"report","message":"0/35","percentage":0}}}Content-Length: 142

{"jsonrpc":"2.0","method":"$/progress","params":{"token":"backgroundIndexProgress","value":{"kind":"report","message":"0/35","percentage":0}}}Content-Length: 142

{"jsonrpc":"2.0","method":"$/progress","params":{"token":"backgroundIndexProgress","value":{"kind":"report","message":"0/35","percentage":0}}}Content-Length: 142

{"jsonrpc":"2.0","method":"$/progress","params":{"token":"backgroundIndexProgress","value":{"kind":"report","message":"1/35","percentage":2}}}Content-Length: 142

{"jsonrpc":"2.0","method":"$/progress","params":{"token":"backgroundIndexProgress","value":{"kind":"report","message":"1/35","percentage":2}}}Content-Length: 142

{"jsonrpc":"2.0","method":"$/progress","params":{"token":"backgroundIndexProgress","value":{"kind":"report","message":"2/35","percentage":5}}}Content-Length: 142

{"jsonrpc":"2.0","method":"$/progress","params":{"token":"backgroundIndexProgress","value":{"kind":"report","message":"2/35","percentage":5}}}Content-Length: 142

{"jsonrpc":"2.0","method":"$/progress","params":{"token":"backgroundIndexProgress","value":{"kind":"report","message":"3/35","percentage":8}}}Content-Length: 142

{"jsonrpc":"2.0","method":"$/progress","params":{"token":"backgroundIndexProgress","value":{"kind":"report","message":"3/35","percentage":8}}}Content-Length: 775

{"jsonrpc":"2.0","method":"textDocument/publishDiagnostics","params":{"diagnostics":[{"code":"pp_hash_error","message":"In included file: \"Compiler generates FPU instructions for a device without an FPU (check __FPU_PRESENT)\"","range":{"end":{"character":10,"line":12},"start":{"character":9,"line":12}},"relatedInformation":[{"location":{"range":{"end":{"character":10,"line":89},"start":{"character":5,"line":89}},"uri":"file:///C:/Users/patry/AppData/Local/Arduino15/packages/rp2040/hardware/rp2040/2.6.2/pico-sdk/src/rp2_common/cmsis/stub/CMSIS/Core/Include/core_cm0plus.h"},"message":"Error occurred here"}],"severity":1,"source":"clang"}],"uri":"file:///C:/Users/patry/AppData/Local/Temp/arduino-language-server2514283856/sketch/button_interupt.ino.cpp","version":1}}Content-Length: 38

{"id":"2","jsonrpc":"2.0","result":[]}
>>>
Content-Length: 208

{"jsonrpc":"2.0","id":"3","method":"textDocument/documentSymbol","params":{"textDocument":{"uri":"file:///C:/Users/patry/AppData/Local/Temp/arduino-language-server2514283856/sketch/button_interupt.ino.cpp"}}}
<<<
Content-Length: 1304

{"id":"3","jsonrpc":"2.0","result":[{"detail":"void ()","kind":12,"name":"zmieni_przycisk","range":{"end":{"character":22,"line":21},"start":{"character":0,"line":21}},"selectionRange":{"end":{"character":20,"line":21},"start":{"character":5,"line":21}}},{"detail":"void ()","kind":12,"name":"setup","range":{"end":{"character":12,"line":23},"start":{"character":0,"line":23}},"selectionRange":{"end":{"character":10,"line":23},"start":{"character":5,"line":23}}},{"detail":"void ()","kind":12,"name":"loop","range":{"end":{"character":11,"line":25},"start":{"character":0,"line":25}},"selectionRange":{"end":{"character":9,"line":25},"start":{"character":5,"line":25}}},{"detail":"void ()","kind":12,"name":"zmieni_przycisk","range":{"end":{"character":1,"line":30},"start":{"character":0,"line":27}},"selectionRange":{"end":{"character":20,"line":27},"start":{"character":5,"line":27}}},{"detail":"void ()","kind":12,"name":"setup","range":{"end":{"character":1,"line":51},"start":{"character":0,"line":33}},"selectionRange":{"end":{"character":10,"line":33},"start":{"character":5,"line":33}}},{"detail":"void ()","kind":12,"name":"loop","range":{"end":{"character":1,"line":55},"start":{"character":0,"line":53}},"selectionRange":{"end":{"character":9,"line":53},"start":{"character":5,"line":53}}}]}Content-Length: 143

{"jsonrpc":"2.0","method":"$/progress","params":{"token":"backgroundIndexProgress","value":{"kind":"report","message":"4/35","percentage":11}}}Content-Length: 143

{"jsonrpc":"2.0","method":"$/progress","params":{"token":"backgroundIndexProgress","value":{"kind":"report","message":"4/35","percentage":11}}}Content-Length: 143

{"jsonrpc":"2.0","method":"$/progress","params":{"token":"backgroundIndexProgress","value":{"kind":"report","message":"5/35","percentage":14}}}Content-Length: 143

{"jsonrpc":"2.0","method":"$/progress","params":{"token":"backgroundIndexProgress","value":{"kind":"report","message":"5/35","percentage":14}}}Content-Length: 143

{"jsonrpc":"2.0","method":"$/progress","params":{"token":"backgroundIndexProgress","value":{"kind":"report","message":"6/35","percentage":17}}}Content-Length: 143

{"jsonrpc":"2.0","method":"$/progress","params":{"token":"backgroundIndexProgress","value":{"kind":"report","message":"6/35","percentage":17}}}Content-Length: 143

{"jsonrpc":"2.0","method":"$/progress","params":{"token":"backgroundIndexProgress","value":{"kind":"report","message":"7/35","percentage":20}}}Content-Length: 143

{"jsonrpc":"2.0","method":"$/progress","params":{"token":"backgroundIndexProgress","value":{"kind":"report","message":"7/35","percentage":20}}}Content-Length: 143

{"jsonrpc":"2.0","method":"$/progress","params":{"token":"backgroundIndexProgress","value":{"kind":"report","message":"8/35","percentage":22}}}Content-Length: 143

{"jsonrpc":"2.0","method":"$/progress","params":{"token":"backgroundIndexProgress","value":{"kind":"report","message":"8/35","percentage":22}}}Content-Length: 143

{"jsonrpc":"2.0","method":"$/progress","params":{"token":"backgroundIndexProgress","value":{"kind":"report","message":"9/35","percentage":25}}}Content-Length: 143

{"jsonrpc":"2.0","method":"$/progress","params":{"token":"backgroundIndexProgress","value":{"kind":"report","message":"9/35","percentage":25}}}Content-Length: 144

{"jsonrpc":"2.0","method":"$/progress","params":{"token":"backgroundIndexProgress","value":{"kind":"report","message":"10/35","percentage":28}}}Content-Length: 144

{"jsonrpc":"2.0","method":"$/progress","params":{"token":"backgroundIndexProgress","value":{"kind":"report","message":"10/35","percentage":28}}}Content-Length: 144

{"jsonrpc":"2.0","method":"$/progress","params":{"token":"backgroundIndexProgress","value":{"kind":"report","message":"11/35","percentage":31}}}Content-Length: 144

{"jsonrpc":"2.0","method":"$/progress","params":{"token":"backgroundIndexProgress","value":{"kind":"report","message":"11/35","percentage":31}}}Content-Length: 144

{"jsonrpc":"2.0","method":"$/progress","params":{"token":"backgroundIndexProgress","value":{"kind":"report","message":"12/35","percentage":34}}}Content-Length: 144

{"jsonrpc":"2.0","method":"$/progress","params":{"token":"backgroundIndexProgress","value":{"kind":"report","message":"12/35","percentage":34}}}Content-Length: 144

{"jsonrpc":"2.0","method":"$/progress","params":{"token":"backgroundIndexProgress","value":{"kind":"report","message":"13/35","percentage":37}}}Content-Length: 144

{"jsonrpc":"2.0","method":"$/progress","params":{"token":"backgroundIndexProgress","value":{"kind":"report","message":"13/35","percentage":37}}}Content-Length: 144

{"jsonrpc":"2.0","method":"$/progress","params":{"token":"backgroundIndexProgress","value":{"kind":"report","message":"14/35","percentage":40}}}Content-Length: 144

{"jsonrpc":"2.0","method":"$/progress","params":{"token":"backgroundIndexProgress","value":{"kind":"report","message":"14/35","percentage":40}}}Content-Length: 144

{"jsonrpc":"2.0","method":"$/progress","params":{"token":"backgroundIndexProgress","value":{"kind":"report","message":"15/35","percentage":42}}}Content-Length: 144

{"jsonrpc":"2.0","method":"$/progress","params":{"token":"backgroundIndexProgress","value":{"kind":"report","message":"15/35","percentage":42}}}Content-Length: 144

{"jsonrpc":"2.0","method":"$/progress","params":{"token":"backgroundIndexProgress","value":{"kind":"report","message":"16/35","percentage":45}}}Content-Length: 144

{"jsonrpc":"2.0","method":"$/progress","params":{"token":"backgroundIndexProgress","value":{"kind":"report","message":"16/35","percentage":45}}}Content-Length: 144

{"jsonrpc":"2.0","method":"$/progress","params":{"token":"backgroundIndexProgress","value":{"kind":"report","message":"17/35","percentage":48}}}Content-Length: 144

{"jsonrpc":"2.0","method":"$/progress","params":{"token":"backgroundIndexProgress","value":{"kind":"report","message":"17/35","percentage":48}}}Content-Length: 144

{"jsonrpc":"2.0","method":"$/progress","params":{"token":"backgroundIndexProgress","value":{"kind":"report","message":"18/35","percentage":51}}}Content-Length: 144

{"jsonrpc":"2.0","method":"$/progress","params":{"token":"backgroundIndexProgress","value":{"kind":"report","message":"18/35","percentage":51}}}Content-Length: 144

{"jsonrpc":"2.0","method":"$/progress","params":{"token":"backgroundIndexProgress","value":{"kind":"report","message":"19/35","percentage":54}}}Content-Length: 144

{"jsonrpc":"2.0","method":"$/progress","params":{"token":"backgroundIndexProgress","value":{"kind":"report","message":"19/35","percentage":54}}}Content-Length: 144

{"jsonrpc":"2.0","method":"$/progress","params":{"token":"backgroundIndexProgress","value":{"kind":"report","message":"20/35","percentage":57}}}Content-Length: 144

{"jsonrpc":"2.0","method":"$/progress","params":{"token":"backgroundIndexProgress","value":{"kind":"report","message":"20/35","percentage":57}}}Content-Length: 144

{"jsonrpc":"2.0","method":"$/progress","params":{"token":"backgroundIndexProgress","value":{"kind":"report","message":"21/35","percentage":60}}}Content-Length: 144

{"jsonrpc":"2.0","method":"$/progress","params":{"token":"backgroundIndexProgress","value":{"kind":"report","message":"21/35","percentage":60}}}Content-Length: 144

{"jsonrpc":"2.0","method":"$/progress","params":{"token":"backgroundIndexProgress","value":{"kind":"report","message":"22/35","percentage":62}}}Content-Length: 144

{"jsonrpc":"2.0","method":"$/progress","params":{"token":"backgroundIndexProgress","value":{"kind":"report","message":"22/35","percentage":62}}}Content-Length: 144

{"jsonrpc":"2.0","method":"$/progress","params":{"token":"backgroundIndexProgress","value":{"kind":"report","message":"23/35","percentage":65}}}Content-Length: 144

{"jsonrpc":"2.0","method":"$/progress","params":{"token":"backgroundIndexProgress","value":{"kind":"report","message":"23/35","percentage":65}}}Content-Length: 144

{"jsonrpc":"2.0","method":"$/progress","params":{"token":"backgroundIndexProgress","value":{"kind":"report","message":"24/35","percentage":68}}}Content-Length: 144

{"jsonrpc":"2.0","method":"$/progress","params":{"token":"backgroundIndexProgress","value":{"kind":"report","message":"24/35","percentage":68}}}Content-Length: 144

{"jsonrpc":"2.0","method":"$/progress","params":{"token":"backgroundIndexProgress","value":{"kind":"report","message":"25/35","percentage":71}}}Content-Length: 144

{"jsonrpc":"2.0","method":"$/progress","params":{"token":"backgroundIndexProgress","value":{"kind":"report","message":"25/35","percentage":71}}}Content-Length: 144

{"jsonrpc":"2.0","method":"$/progress","params":{"token":"backgroundIndexProgress","value":{"kind":"report","message":"26/35","percentage":74}}}Content-Length: 144

{"jsonrpc":"2.0","method":"$/progress","params":{"token":"backgroundIndexProgress","value":{"kind":"report","message":"26/35","percentage":74}}}Content-Length: 144

{"jsonrpc":"2.0","method":"$/progress","params":{"token":"backgroundIndexProgress","value":{"kind":"report","message":"27/35","percentage":77}}}Content-Length: 144

{"jsonrpc":"2.0","method":"$/progress","params":{"token":"backgroundIndexProgress","value":{"kind":"report","message":"27/35","percentage":77}}}Content-Length: 144

{"jsonrpc":"2.0","method":"$/progress","params":{"token":"backgroundIndexProgress","value":{"kind":"report","message":"28/35","percentage":80}}}Content-Length: 144

{"jsonrpc":"2.0","method":"$/progress","params":{"token":"backgroundIndexProgress","value":{"kind":"report","message":"29/35","percentage":82}}}Content-Length: 144

{"jsonrpc":"2.0","method":"$/progress","params":{"token":"backgroundIndexProgress","value":{"kind":"report","message":"30/35","percentage":85}}}Content-Length: 144

{"jsonrpc":"2.0","method":"$/progress","params":{"token":"backgroundIndexProgress","value":{"kind":"report","message":"31/35","percentage":88}}}Content-Length: 144

{"jsonrpc":"2.0","method":"$/progress","params":{"token":"backgroundIndexProgress","value":{"kind":"report","message":"32/35","percentage":91}}}Content-Length: 144

{"jsonrpc":"2.0","method":"$/progress","params":{"token":"backgroundIndexProgress","value":{"kind":"report","message":"33/35","percentage":94}}}Content-Length: 144

{"jsonrpc":"2.0","method":"$/progress","params":{"token":"backgroundIndexProgress","value":{"kind":"report","message":"34/35","percentage":97}}}Content-Length: 107

{"jsonrpc":"2.0","method":"$/progress","params":{"token":"backgroundIndexProgress","value":{"kind":"end"}}}
>>>
Content-Length: 60

{"jsonrpc":"2.0","id":"4","method":"shutdown","params":null}
<<<
Content-Length: 40

{"id":"4","jsonrpc":"2.0","result":null}
>>>
Content-Length: 47

{"jsonrpc":"2.0","method":"exit","params":null}