






Started logging.
I[17:47:07.446] clangd version 14.0.0
I[17:47:07.448] Features: windows
I[17:47:07.448] PID: 4596
I[17:47:07.448] Working directory: c:\KoNaR\Warsztaty_2022_ZIMA\button_interupt
I[17:47:07.448] argv[0]: c:\Users\patry\AppData\Local\Programs\Arduino IDE\resources\app\node_modules\arduino-ide-extension\build\clangd.exe
I[17:47:07.448] argv[1]: -log=verbose
I[17:47:07.448] argv[2]: --compile-commands-dir=C:\Users\patry\AppData\Local\Temp\arduino-language-server2514283856
I[17:47:07.448] argv[3]: -query-driver=C:\Users\patry\AppData\Local\Arduino15\packages\**
V[17:47:07.457] User config file is C:\Users\patry\AppData\Local\clangd\config.yaml
I[17:47:07.457] Starting LSP over stdin/stdout
V[17:47:07.458] <<< {"id":"1","jsonrpc":"2.0","method":"initialize","params":{"capabilities":{"textDocument":{"codeAction":{"codeActionLiteralSupport":{"codeActionKind":{"valueSet":["","quickfix","refactor","refactor.extract","refactor.inline","refactor.rewrite","source","source.organizeImports"]}},"dynamicRegistration":true,"isPreferredSupport":true},"codeLens":{"dynamicRegistration":true},"colorProvider":{"dynamicRegistration":true},"completion":{"completionItem":{"commitCharactersSupport":true,"deprecatedSupport":true,"documentationFormat":["markdown","plaintext"],"preselectSupport":true,"snippetSupport":true,"tagSupport":{"valueSet":[1]}},"completionItemKind":{"valueSet":[1,2,3,4,5,6,7,8,9,10,11,12,13,14,15,16,17,18,19,20,21,22,23,24,25]},"contextSupport":true,"dynamicRegistration":true},"declaration":{"dynamicRegistration":true,"linkSupport":true},"definition":{"dynamicRegistration":true,"linkSupport":true},"documentHighlight":{"dynamicRegistration":true},"documentLink":{"dynamicRegistration":true,"tooltipSupport":true},"documentSymbol":{"dynamicRegistration":true,"hierarchicalDocumentSymbolSupport":true,"symbolKind":{"valueSet":[1,2,3,4,5,6,7,8,9,10,11,12,13,14,15,16,17,18,19,20,21,22,23,24,25,26]}},"foldingRange":{"dynamicRegistration":true,"lineFoldingOnly":true,"rangeLimit":5000},"formatting":{"dynamicRegistration":true},"hover":{"contentFormat":["markdown","plaintext"],"dynamicRegistration":true},"implementation":{"dynamicRegistration":true,"linkSupport":true},"onTypeFormatting":{"dynamicRegistration":true},"publishDiagnostics":{"relatedInformation":true,"tagSupport":{"valueSet":[1,2]}},"rangeFormatting":{"dynamicRegistration":true},"references":{"dynamicRegistration":true},"rename":{"dynamicRegistration":true,"prepareSupport":true},"selectionRange":{"dynamicRegistration":true},"signatureHelp":{"contextSupport":true,"dynamicRegistration":true,"signatureInformation":{"documentationFormat":["markdown","plaintext"],"parameterInformation":{"labelOffsetSupport":true}}},"synchronization":{"didSave":true,"dynamicRegistration":true,"willSave":true,"willSaveWaitUntil":true},"typeDefinition":{"dynamicRegistration":true,"linkSupport":true}},"window":{"workDoneProgress":true},"workspace":{"applyEdit":true,"configuration":true,"didChangeConfiguration":{"dynamicRegistration":true},"didChangeWatchedFiles":{"dynamicRegistration":true},"executeCommand":{"dynamicRegistration":true},"symbol":{"dynamicRegistration":true,"symbolKind":{"valueSet":[1,2,3,4,5,6,7,8,9,10,11,12,13,14,15,16,17,18,19,20,21,22,23,24,25,26]}},"workspaceEdit":{"documentChanges":true,"failureHandling":"textOnlyTransactional","resourceOperations":["create","rename","delete"]},"workspaceFolders":true}},"clientInfo":{"name":"vscode","version":"1.53.2"},"initializationOptions":{},"processId":23292,"rootPath":"C:\\Users\\patry\\AppData\\Local\\Temp\\arduino-language-server2514283856\\sketch","rootUri":"file:///C:/Users/patry/AppData/Local/Temp/arduino-language-server2514283856/sketch","trace":"off","workspaceFolders":[{"name":"button_interupt","uri":"file:///c%3A/KoNaR/Warsztaty_2022_ZIMA/button_interupt"}]}}

I[17:47:07.458] <-- initialize("1")
I[17:47:07.661] --> reply:initialize("1") 202 ms
V[17:47:07.661] >>> {"id":"1","jsonrpc":"2.0","result":{"capabilities":{"astProvider":true,"callHierarchyProvider":true,"clangdInlayHintsProvider":true,"codeActionProvider":{"codeActionKinds":["quickfix","refactor","info"]},"compilationDatabase":{"automaticReload":true},"completionProvider":{"allCommitCharacters":[" ","\t","(",")","[","]","{","}","<",">",":",";",",","+","-","/","*","%","^","&","#","?",".","=","\"","'","|"],"resolveProvider":false,"triggerCharacters":[".","<",">",":","\"","/","*"]},"declarationProvider":true,"definitionProvider":true,"documentFormattingProvider":true,"documentHighlightProvider":true,"documentLinkProvider":{"resolveProvider":false},"documentOnTypeFormattingProvider":{"firstTriggerCharacter":"\n","moreTriggerCharacter":[]},"documentRangeFormattingProvider":true,"documentSymbolProvider":true,"executeCommandProvider":{"commands":["clangd.applyFix","clangd.applyTweak"]},"hoverProvider":true,"implementationProvider":true,"memoryUsageProvider":true,"referencesProvider":true,"renameProvider":{"prepareProvider":true},"selectionRangeProvider":true,"semanticTokensProvider":{"full":{"delta":true},"legend":{"tokenModifiers":["declaration","deprecated","deduced","readonly","static","abstract","virtual","dependentName","defaultLibrary","usedAsMutableReference","functionScope","classScope","fileScope","globalScope"],"tokenTypes":["variable","variable","parameter","function","method","function","property","variable","class","interface","enum","enumMember","type","type","unknown","namespace","typeParameter","concept","type","macro","comment"]},"range":false},"signatureHelpProvider":{"triggerCharacters":["(",")","{","}","<",">",","]},"textDocumentSync":{"change":2,"openClose":true,"save":true},"typeDefinitionProvider":true,"typeHierarchyProvider":true,"workspaceSymbolProvider":true},"serverInfo":{"name":"clangd","version":"clangd version 14.0.0 windows x86_64-pc-windows-msvc"}}}

V[17:47:07.662] <<< {"jsonrpc":"2.0","method":"initialized","params":{}}

I[17:47:07.662] <-- initialized
V[17:47:07.665] <<< {"jsonrpc":"2.0","method":"textDocument/didOpen","params":{"textDocument":{"languageId":"cpp","text":"#line 1 \"C:\\\\KoNaR\\\\Warsztaty_2022_ZIMA\\\\button_interupt\\\\button_interupt.ino\"\n/*\n Przykład przedstawiający zapalenie diody po naciśnięciu przycisku, przy użyciu przerwania.\n\n Funkcja pinMode oraz digitalWrite może się przydać przy sterowaniu silników.\nPrzerwanie działa tak że kiedy zostanie wykryty odpowiedni stan na odpowiednim pinie\nto mikrokontroler przerywa aktulanie wykonany kod i uruchamia funkcję przypisaną do \ndo odpowiedniego pinu. Gdy się wykona powraca on do miesjca w głównym kodzie w którym\npraca została przerwana.\n*/\n\n//opcjonalne na Arduino IDE\n#include <Arduino.h>\n\n// wbudowana w pico dioda LED na pinie 25\n#define LED 25\n\n// podłącz przycisku do tego pinu, może być dowolny inny pin\n#define BUTTON 16 \n\n#line 20 \"C:\\\\KoNaR\\\\Warsztaty_2022_ZIMA\\\\button_interupt\\\\button_interupt.ino\"\nvoid zmieni_przycisk();\n#line 26 \"C:\\\\KoNaR\\\\Warsztaty_2022_ZIMA\\\\button_interupt\\\\button_interupt.ino\"\nvoid setup();\n#line 46 \"C:\\\\KoNaR\\\\Warsztaty_2022_ZIMA\\\\button_interupt\\\\button_interupt.ino\"\nvoid loop();\n#line 20 \"C:\\\\KoNaR\\\\Warsztaty_2022_ZIMA\\\\button_interupt\\\\button_interupt.ino\"\nvoid zmieni_przycisk()\n{\n  digitalWrite(LED,!digitalRead(BUTTON));\n}\n\n\nvoid setup() {\n  // put your setup code here, to run once:\n\n  // ustawienie pinu 25 jako wyjście\n  pinMode(LED,OUTPUT);\n\n  // ustawienie pinu z przyciskiem na wejście z wenwnętrznym rezystorem podpiętym do zasilania\n  pinMode(BUTTON,INPUT_PULLUP);\n\n  // tak też można ale do pinu musisz jeszcze podpiąć rezystor podciągnięty do zasilania\n  //pinMode(BUTTON,INPUT);\n\n  //ustawienie LED w stan niski (równoważne z zgaszeniem diody)\n  digitalWrite(LED,LOW);\n\n  //funkcja zmieni_przycsik włączy się kiedy zostanie wykryta zmianna stanu na pinie BUTTON.\n  attachInterrupt(BUTTON,zmieni_przycisk,CHANGE);\n\n}\n\nvoid loop() {\n// wyszstko wykonuje przerwanie :)\n}\n\n","uri":"file:///C:/Users/patry/AppData/Local/Temp/arduino-language-server2514283856/sketch/button_interupt.ino.cpp","version":1}}}

I[17:47:07.665] <-- textDocument/didOpen
V[17:47:07.667] <<< {"id":"2","jsonrpc":"2.0","method":"textDocument/codeAction","params":{"context":{"diagnostics":[]},"range":{"end":{"character":77,"line":6},"start":{"character":77,"line":6}},"textDocument":{"uri":"file:///C:/Users/patry/AppData/Local/Temp/arduino-language-server2514283856/sketch/button_interupt.ino.cpp"}}}

I[17:47:07.667] <-- textDocument/codeAction("2")
V[17:47:07.668] config note at C:\Users\patry\AppData\Local\Temp\arduino-language-server2514283856\.clangd:1:0: Parsing config fragment
V[17:47:07.668] config note at C:\Users\patry\AppData\Local\Temp\arduino-language-server2514283856\.clangd:1:0: Parsed 1 fragments from file
V[17:47:07.668] Config fragment: compiling C:\Users\patry\AppData\Local\Temp\arduino-language-server2514283856\.clangd:1 -> 0x00000191E5B36340 (trusted=false)
I[17:47:07.670] --> textDocument/publishDiagnostics
V[17:47:07.670] >>> {"jsonrpc":"2.0","method":"textDocument/publishDiagnostics","params":{"diagnostics":[],"uri":"file:///C:/Users/patry/AppData/Local/Temp/arduino-language-server2514283856/.clangd"}}

I[17:47:07.672] Loaded compilation database from C:\Users\patry\AppData\Local\Temp\arduino-language-server2514283856\compile_commands.json
V[17:47:07.672] Broadcasting compilation database from C:\Users\patry\AppData\Local\Temp\arduino-language-server2514283856
I[17:47:07.675] --> window/workDoneProgress/create(0)
V[17:47:07.675] >>> {"id":0,"jsonrpc":"2.0","method":"window/workDoneProgress/create","params":{"token":"backgroundIndexProgress"}}

I[17:47:07.675] Enqueueing 34 commands for indexing
V[17:47:07.676] <<< {"id":0,"jsonrpc":"2.0","result":null}

I[17:47:07.676] <-- reply(0)
I[17:47:07.676] --> $/progress
V[17:47:07.676] >>> {"jsonrpc":"2.0","method":"$/progress","params":{"token":"backgroundIndexProgress","value":{"kind":"begin","percentage":0,"title":"indexing"}}}

I[17:47:07.676] --> $/progress
V[17:47:07.676] >>> {"jsonrpc":"2.0","method":"$/progress","params":{"token":"backgroundIndexProgress","value":{"kind":"report","message":"0/1","percentage":0}}}

V[17:47:07.677] Failed to load shard: C:\Users\patry\AppData\Local\Arduino15\packages\rp2040\hardware\rp2040\2.6.2\cores\rp2040\delay.cpp
V[17:47:07.678] Failed to load shard: C:\Users\patry\AppData\Local\Arduino15\packages\rp2040\hardware\rp2040\2.6.2\cores\rp2040\api\PluggableUSB.cpp
V[17:47:07.678] Failed to load shard: C:\Users\patry\AppData\Local\Arduino15\packages\rp2040\hardware\rp2040\2.6.2\cores\rp2040\api\IPAddress.cpp
V[17:47:07.678] Failed to load shard: C:\Users\patry\AppData\Local\Arduino15\packages\rp2040\hardware\rp2040\2.6.2\cores\rp2040\Tone.cpp
V[17:47:07.678] Failed to load shard: C:\Users\patry\AppData\Local\Arduino15\packages\rp2040\hardware\rp2040\2.6.2\cores\rp2040\stdlib_noniso.cpp
V[17:47:07.678] Failed to load shard: C:\Users\patry\AppData\Local\Arduino15\packages\rp2040\hardware\rp2040\2.6.2\cores\rp2040\Bootsel.cpp
V[17:47:07.678] Failed to load shard: C:\Users\patry\AppData\Local\Arduino15\packages\rp2040\hardware\rp2040\2.6.2\cores\rp2040\FS.cpp
V[17:47:07.678] Failed to load shard: C:\Users\patry\AppData\Local\Arduino15\packages\rp2040\hardware\rp2040\2.6.2\cores\rp2040\wiring_pulse.cpp
V[17:47:07.678] Failed to load shard: C:\Users\patry\AppData\Local\Arduino15\packages\rp2040\hardware\rp2040\2.6.2\cores\rp2040\CoreMutex.cpp
V[17:47:07.678] Failed to load shard: C:\Users\patry\AppData\Local\Arduino15\packages\rp2040\hardware\rp2040\2.6.2\cores\rp2040\api\Common.cpp
V[17:47:07.678] Failed to load shard: C:\Users\patry\AppData\Local\Arduino15\packages\rp2040\hardware\rp2040\2.6.2\cores\rp2040\wiring_analog.cpp
V[17:47:07.678] Failed to load shard: C:\Users\patry\AppData\Local\Arduino15\packages\rp2040\hardware\rp2040\2.6.2\cores\rp2040\api\Print.cpp
V[17:47:07.678] Failed to load shard: C:\Users\patry\AppData\Local\Arduino15\packages\rp2040\hardware\rp2040\2.6.2\cores\rp2040\main.cpp
V[17:47:07.678] Failed to load shard: C:\Users\patry\AppData\Local\Arduino15\packages\rp2040\hardware\rp2040\2.6.2\cores\rp2040\SerialPIO.cpp
V[17:47:07.678] Failed to load shard: C:\Users\patry\AppData\Local\Arduino15\packages\rp2040\hardware\rp2040\2.6.2\cores\rp2040\SerialUSB.cpp
V[17:47:07.678] Failed to load shard: C:\Users\patry\AppData\Local\Arduino15\packages\rp2040\hardware\rp2040\2.6.2\cores\rp2040\wiring_private.cpp
V[17:47:07.679] Failed to load shard: C:\Users\patry\AppData\Local\Arduino15\packages\rp2040\hardware\rp2040\2.6.2\cores\rp2040\api\String.cpp
V[17:47:07.679] Failed to load shard: C:\Users\patry\AppData\Local\Arduino15\packages\rp2040\hardware\rp2040\2.6.2\cores\rp2040\malloc-lock.cpp
V[17:47:07.679] Failed to load shard: C:\Users\patry\AppData\Local\Arduino15\packages\rp2040\hardware\rp2040\2.6.2\cores\rp2040\libb64\cencode.cpp
V[17:47:07.679] Failed to load shard: C:\Users\patry\AppData\Local\Arduino15\packages\rp2040\hardware\rp2040\2.6.2\cores\rp2040\RP2040USB.cpp
V[17:47:07.679] Failed to load shard: C:\Users\patry\AppData\Local\Arduino15\packages\rp2040\hardware\rp2040\2.6.2\cores\rp2040\posix.cpp
V[17:47:07.679] Failed to load shard: C:\Users\patry\AppData\Local\Arduino15\packages\rp2040\hardware\rp2040\2.6.2\cores\rp2040\lwip_wrap.cpp
V[17:47:07.679] Failed to load shard: C:\Users\patry\AppData\Local\Arduino15\packages\rp2040\hardware\rp2040\2.6.2\cores\rp2040\wiring_digital.cpp
V[17:47:07.679] Failed to load shard: C:\Users\patry\AppData\Local\Temp\arduino-language-server2514283856\sketch\button_interupt.ino.cpp
V[17:47:07.679] Failed to load shard: C:\Users\patry\AppData\Local\Arduino15\packages\rp2040\hardware\rp2040\2.6.2\cores\rp2040\sdkoverride\pico_bootsel_via_double_reset.c
V[17:47:07.679] Failed to load shard: C:\Users\patry\AppData\Local\Arduino15\packages\rp2040\hardware\rp2040\2.6.2\cores\rp2040\SerialUART.cpp
V[17:47:07.679] Failed to load shard: C:\Users\patry\AppData\Local\Arduino15\packages\rp2040\hardware\rp2040\2.6.2\cores\rp2040\WMath.cpp
V[17:47:07.679] Failed to load shard: C:\Users\patry\AppData\Local\Arduino15\packages\rp2040\hardware\rp2040\2.6.2\cores\rp2040\api\Stream.cpp
V[17:47:07.679] Failed to load shard: C:\Users\patry\AppData\Local\Arduino15\packages\rp2040\hardware\rp2040\2.6.2\cores\rp2040\RP2040Support.cpp
V[17:47:07.679] Failed to load shard: C:\Users\patry\AppData\Local\Arduino15\packages\rp2040\hardware\rp2040\2.6.2\cores\rp2040\libb64\cdecode.cpp
V[17:47:07.679] Failed to load shard: C:\Users\patry\AppData\Local\Arduino15\packages\rp2040\hardware\rp2040\2.6.2\cores\rp2040\_freertos.cpp
V[17:47:07.680] Failed to load shard: C:\Users\patry\AppData\Local\Arduino15\packages\rp2040\hardware\rp2040\2.6.2\cores\rp2040\sdkoverride\cyw43_arch_threadsafe_background.c
V[17:47:07.680] Failed to load shard: C:\Users\patry\AppData\Local\Arduino15\packages\rp2040\hardware\rp2040\2.6.2\cores\rp2040\lock.cpp
V[17:47:07.680] Failed to load shard: C:\Users\patry\AppData\Local\Arduino15\packages\rp2040\hardware\rp2040\2.6.2\cores\rp2040\wiring_shift.cpp
V[17:47:07.728] System include extraction: target extracted: "arm-none-eabi"
V[17:47:07.728] System include extraction: adding  c:\users\patry\appdata\local\arduino15\packages\rp2040\tools\pqt-gcc\1.4.0-c-0196c06\bin\../lib/gcc/arm-none-eabi/10.3.0/../../../../arm-none-eabi/include/c++/10.3.0
V[17:47:07.728] System include extraction: adding  c:\users\patry\appdata\local\arduino15\packages\rp2040\tools\pqt-gcc\1.4.0-c-0196c06\bin\../lib/gcc/arm-none-eabi/10.3.0/../../../../arm-none-eabi/include/c++/10.3.0/arm-none-eabi/thumb
V[17:47:07.728] System include extraction: adding  c:\users\patry\appdata\local\arduino15\packages\rp2040\tools\pqt-gcc\1.4.0-c-0196c06\bin\../lib/gcc/arm-none-eabi/10.3.0/../../../../arm-none-eabi/include/c++/10.3.0/backward
V[17:47:07.728] System include extraction: adding  c:\users\patry\appdata\local\arduino15\packages\rp2040\tools\pqt-gcc\1.4.0-c-0196c06\bin\../lib/gcc/arm-none-eabi/10.3.0/include
V[17:47:07.728] System include extraction: adding  c:\users\patry\appdata\local\arduino15\packages\rp2040\tools\pqt-gcc\1.4.0-c-0196c06\bin\../lib/gcc/arm-none-eabi/10.3.0/include-fixed
V[17:47:07.728] System include extraction: adding  c:\users\patry\appdata\local\arduino15\packages\rp2040\tools\pqt-gcc\1.4.0-c-0196c06\bin\../lib/gcc/arm-none-eabi/10.3.0/../../../../arm-none-eabi/include
I[17:47:07.728] System includes extractor: successfully executed C:\Users\patry\AppData\Local\Arduino15\packages\rp2040\tools\pqt-gcc\1.4.0-c-0196c06\bin\arm-none-eabi-g++.exe
	got includes: "c:\users\patry\appdata\local\arduino15\packages\rp2040\tools\pqt-gcc\1.4.0-c-0196c06\bin\../lib/gcc/arm-none-eabi/10.3.0/../../../../arm-none-eabi/include/c++/10.3.0, c:\users\patry\appdata\local\arduino15\packages\rp2040\tools\pqt-gcc\1.4.0-c-0196c06\bin\../lib/gcc/arm-none-eabi/10.3.0/../../../../arm-none-eabi/include/c++/10.3.0/arm-none-eabi/thumb, c:\users\patry\appdata\local\arduino15\packages\rp2040\tools\pqt-gcc\1.4.0-c-0196c06\bin\../lib/gcc/arm-none-eabi/10.3.0/../../../../arm-none-eabi/include/c++/10.3.0/backward, c:\users\patry\appdata\local\arduino15\packages\rp2040\tools\pqt-gcc\1.4.0-c-0196c06\bin\../lib/gcc/arm-none-eabi/10.3.0/include, c:\users\patry\appdata\local\arduino15\packages\rp2040\tools\pqt-gcc\1.4.0-c-0196c06\bin\../lib/gcc/arm-none-eabi/10.3.0/include-fixed, c:\users\patry\appdata\local\arduino15\packages\rp2040\tools\pqt-gcc\1.4.0-c-0196c06\bin\../lib/gcc/arm-none-eabi/10.3.0/../../../../arm-none-eabi/include"
	got target: "arm-none-eabi"
I[17:47:07.729] ASTWorker building file C:\Users\patry\AppData\Local\Temp\arduino-language-server2514283856\sketch\button_interupt.ino.cpp version 1 with command 
[C:\Users\patry\AppData\Local\Programs\Arduino IDE]
"C:\\Users\\patry\\AppData\\Local\\Arduino15\\packages\\rp2040\\tools\\pqt-gcc\\1.4.0-c-0196c06\\bin\\arm-none-eabi-g++.exe" --target=arm-none-eabi --driver-mode=g++ -I "C:\\Users\\patry\\AppData\\Local\\Temp\\arduino-language-server2514283856/core" -c -Werror=return-type -DCFG_TUSB_MCU=OPT_MCU_RP2040 -DUSB_VID=0x2e8a -DUSB_PID=0x000a "-DUSB_MANUFACTURER=\"Raspberry Pi\"" "-DUSB_PRODUCT=\"Pico\"" -DPICO_CYW43_ARCH_THREADSAFE_BACKGROUND=1 -DCYW43_LWIP=0 -DLWIP_IPV6=0 -DLWIP_IPV4=1 -DLWIP_IGMP=1 -DLWIP_CHECKSUM_CTRL_PER_NETIF=1 "-DARDUINO_VARIANT=\"rpipico\"" -DTARGET_RP2040 -march=armv6-m -mcpu=cortex-m0plus -mthumb -ffunction-sections -fdata-sections -fno-exceptions -DARM_MATH_CM0_FAMILY -DARM_MATH_CM0_PLUS -MMD "-iprefixC:\\Users\\patry\\AppData\\Local\\Arduino15\\packages\\rp2040\\hardware\\rp2040\\2.6.2/" -iwithprefixbefore/cores/rp2040/api/deprecated-avr-comp/ -iwithprefixbefore/include/pico_base/ -iwithprefixbefore/pico-sdk/lib/tinyusb/src/ -iwithprefixbefore/pico-sdk/src/boards/include -iwithprefixbefore/pico-sdk/src/common/pico_base/include -iwithprefixbefore/pico-sdk/src/common/pico_binary_info/include -iwithprefixbefore/pico-sdk/src/common/pico_bit_ops/include -iwithprefixbefore/pico-sdk/src/common/pico_divider/include -iwithprefixbefore/pico-sdk/src/common/pico_stdlib/include -iwithprefixbefore/pico-sdk/src/common/pico_sync/include -iwithprefixbefore/pico-sdk/src/common/pico_time/include -iwithprefixbefore/pico-sdk/src/common/pico_util/include -iwithprefixbefore/pico-sdk/src/rp2040/hardware_regs/include -iwithprefixbefore/pico-sdk/src/rp2040/hardware_structs/include -iwithprefixbefore/pico-sdk/src/rp2_common/cmsis/include -iwithprefixbefore/pico-sdk/src/rp2_common/cmsis/stub/CMSIS/Core/Include -iwithprefixbefore/pico-sdk/src/rp2_common/cmsis/stub/CMSIS/Device/RaspberryPi/RP2040/Include -iwithprefixbefore/pico-sdk/src/rp2_common/hardware_adc/include -iwithprefixbefore/pico-sdk/src/rp2_common/hardware_base/include -iwithprefixbefore/pico-sdk/src/rp2_common/hardware_claim/include -iwithprefixbefore/pico-sdk/src/rp2_common/hardware_clocks/include -iwithprefixbefore/pico-sdk/src/rp2_common/hardware_divider/include -iwithprefixbefore/pico-sdk/src/rp2_common/hardware_dma/include -iwithprefixbefore/pico-sdk/src/rp2_common/hardware_exception/include -iwithprefixbefore/pico-sdk/src/rp2_common/hardware_flash/include -iwithprefixbefore/pico-sdk/src/rp2_common/hardware_gpio/include -iwithprefixbefore/pico-sdk/src/rp2_common/hardware_i2c/include -iwithprefixbefore/pico-sdk/src/rp2_common/hardware_interp/include -iwithprefixbefore/pico-sdk/src/rp2_common/hardware_irq/include -iwithprefixbefore/pico-sdk/src/rp2_common/hardware_rtc/include -iwithprefixbefore/pico-sdk/src/rp2_common/hardware_pio/include -iwithprefixbefore/pico-sdk/src/rp2_common/hardware_pll/include -iwithprefixbefore/pico-sdk/src/rp2_common/hardware_pwm/include -iwithprefixbefore/pico-sdk/src/rp2_common/hardware_resets/include -iwithprefixbefore/pico-sdk/src/rp2_common/hardware_spi/include -iwithprefixbefore/pico-sdk/src/rp2_common/hardware_sync/include -iwithprefixbefore/pico-sdk/src/rp2_common/hardware_timer/include -iwithprefixbefore/pico-sdk/src/rp2_common/hardware_uart/include -iwithprefixbefore/pico-sdk/src/rp2_common/hardware_vreg/include -iwithprefixbefore/pico-sdk/src/rp2_common/hardware_watchdog/include -iwithprefixbefore/pico-sdk/src/rp2_common/hardware_xosc/include -iwithprefixbefore/pico-sdk/src/rp2_common/pico_bootrom/include -iwithprefixbefore/pico-sdk/src/rp2_common/pico_cyw43_arch/include -iwithprefixbefore/pico-sdk/src/rp2_common/pico_double/include -iwithprefixbefore/pico-sdk/src/rp2_common/pico_float/include -iwithprefixbefore/pico-sdk/src/rp2_common/pico_int64_ops/include -iwithprefixbefore/pico-sdk/src/rp2_common/pico_lwip/include -iwithprefixbefore/pico-sdk/src/rp2_common/pico_multicore/include -iwithprefixbefore/pico-sdk/src/rp2_common/pico_platform/include -iwithprefixbefore/pico-sdk/src/rp2_common/pico_printf/include -iwithprefixbefore/pico-sdk/src/rp2_common/pico_runtime/include -iwithprefixbefore/pico-sdk/src/rp2_common/pico_stdio/include -iwithprefixbefore/pico-sdk/src/rp2_common/pico_stdio_uart/include -iwithprefixbefore/pico-sdk/src/rp2_common/pico_unique_id/include -iwithprefixbefore/pico-sdk/lib/cyw43-driver/src -iwithprefixbefore/pico-sdk/lib/lwip/src/include "-IC:\\Users\\patry\\AppData\\Local\\Arduino15\\packages\\rp2040\\hardware\\rp2040\\2.6.2/include" -fno-rtti -std=gnu++17 -g -pipe -DSERIALUSB_PID=0x000a -DUSBD_MAX_POWER_MA=250 -DF_CPU=133000000L -DARDUINO=10607 -DARDUINO_RASPBERRY_PI_PICO "-DBOARD_NAME=\"RASPBERRY_PI_PICO\"" -DARDUINO_ARCH_RP2040 -Os -DWIFICC=CYW43_COUNTRY_WORLDWIDE "-IC:\\Users\\patry\\AppData\\Local\\Arduino15\\packages\\rp2040\\hardware\\rp2040\\2.6.2\\cores\\rp2040" "-IC:\\Users\\patry\\AppData\\Local\\Arduino15\\packages\\rp2040\\hardware\\rp2040\\2.6.2\\variants\\rpipico" -o "C:\\Users\\patry\\AppData\\Local\\Temp\\arduino-language-server2514283856\\sketch\\button_interupt.ino.cpp.o" -isystem "c:\\users\\patry\\appdata\\local\\arduino15\\packages\\rp2040\\tools\\pqt-gcc\\1.4.0-c-0196c06\\bin\\../lib/gcc/arm-none-eabi/10.3.0/../../../../arm-none-eabi/include/c++/10.3.0" -isystem "c:\\users\\patry\\appdata\\local\\arduino15\\packages\\rp2040\\tools\\pqt-gcc\\1.4.0-c-0196c06\\bin\\../lib/gcc/arm-none-eabi/10.3.0/../../../../arm-none-eabi/include/c++/10.3.0/arm-none-eabi/thumb" -isystem "c:\\users\\patry\\appdata\\local\\arduino15\\packages\\rp2040\\tools\\pqt-gcc\\1.4.0-c-0196c06\\bin\\../lib/gcc/arm-none-eabi/10.3.0/../../../../arm-none-eabi/include/c++/10.3.0/backward" -isystem "c:\\users\\patry\\appdata\\local\\arduino15\\packages\\rp2040\\tools\\pqt-gcc\\1.4.0-c-0196c06\\bin\\../lib/gcc/arm-none-eabi/10.3.0/include" -isystem "c:\\users\\patry\\appdata\\local\\arduino15\\packages\\rp2040\\tools\\pqt-gcc\\1.4.0-c-0196c06\\bin\\../lib/gcc/arm-none-eabi/10.3.0/include-fixed" -isystem "c:\\users\\patry\\appdata\\local\\arduino15\\packages\\rp2040\\tools\\pqt-gcc\\1.4.0-c-0196c06\\bin\\../lib/gcc/arm-none-eabi/10.3.0/../../../../arm-none-eabi/include" -ferror-limit=0 "-resource-dir=c:\\Users\\patry\\AppData\\Local\\Programs\\Arduino IDE\\resources\\app\\node_modules\\arduino-ide-extension\\lib\\clang\\14.0.0" -- "C:\\Users\\patry\\AppData\\Local\\Temp\\arduino-language-server2514283856\\sketch\\button_interupt.ino.cpp"
V[17:47:07.734] Driver produced command: cc1 -cc1 -triple thumbv6m-none-unknown-eabi -fsyntax-only -disable-free -clear-ast-before-backend -disable-llvm-verifier -discard-value-names -main-file-name button_interupt.ino.cpp -mrelocation-model static -mframe-pointer=all -fmath-errno -ffp-contract=on -fno-rounding-math -fno-verbose-asm -mconstructor-aliases -nostdsysteminc -target-cpu cortex-m0plus -Wunaligned-access -target-feature +soft-float-abi -target-feature -crc -target-feature -dsp -target-feature -mve -target-feature -ras -target-feature -sb -target-feature -i8mm -target-feature -lob -target-feature -cdecp0 -target-feature -cdecp1 -target-feature -cdecp2 -target-feature -cdecp3 -target-feature -cdecp4 -target-feature -cdecp5 -target-feature -cdecp6 -target-feature -cdecp7 -target-feature -pacbti -target-feature -hwdiv-arm -target-feature -hwdiv -target-feature -vfp2 -target-feature -vfp2sp -target-feature -vfp3 -target-feature -vfp3d16 -target-feature -vfp3d16sp -target-feature -vfp3sp -target-feature -fp16 -target-feature -vfp4 -target-feature -vfp4d16 -target-feature -vfp4d16sp -target-feature -vfp4sp -target-feature -fp-armv8 -target-feature -fp-armv8d16 -target-feature -fp-armv8d16sp -target-feature -fp-armv8sp -target-feature -fullfp16 -target-feature -fp64 -target-feature -d32 -target-feature -neon -target-feature -dotprod -target-feature -fp16fml -target-feature -bf16 -target-feature -mve.fp -target-feature -fpregs -target-feature -crypto -target-feature -sha2 -target-feature -aes -target-feature +strict-align -target-abi aapcs -mfloat-abi soft -fallow-half-arguments-and-returns -mllvm -treat-scalable-fixed-error-as-warning -debug-info-kind=constructor -dwarf-version=5 -debugger-tuning=gdb -ffunction-sections -fdata-sections "-fcoverage-compilation-dir=C:\\Users\\patry\\AppData\\Local\\Programs\\Arduino IDE" -resource-dir "c:\\Users\\patry\\AppData\\Local\\Programs\\Arduino IDE\\resources\\app\\node_modules\\arduino-ide-extension\\lib\\clang\\14.0.0" -dependency-file "C:\\Users\\patry\\AppData\\Local\\Temp\\arduino-language-server2514283856\\sketch\\button_interupt.ino.cpp.d" -MT "C:\\Users\\patry\\AppData\\Local\\Temp\\arduino-language-server2514283856\\sketch\\button_interupt.ino.cpp.o" -iprefix "C:\\Users\\patry\\AppData\\Local\\Arduino15\\packages\\rp2040\\hardware\\rp2040\\2.6.2/" -iwithprefixbefore /cores/rp2040/api/deprecated-avr-comp/ -iwithprefixbefore /include/pico_base/ -iwithprefixbefore /pico-sdk/lib/tinyusb/src/ -iwithprefixbefore /pico-sdk/src/boards/include -iwithprefixbefore /pico-sdk/src/common/pico_base/include -iwithprefixbefore /pico-sdk/src/common/pico_binary_info/include -iwithprefixbefore /pico-sdk/src/common/pico_bit_ops/include -iwithprefixbefore /pico-sdk/src/common/pico_divider/include -iwithprefixbefore /pico-sdk/src/common/pico_stdlib/include -iwithprefixbefore /pico-sdk/src/common/pico_sync/include -iwithprefixbefore /pico-sdk/src/common/pico_time/include -iwithprefixbefore /pico-sdk/src/common/pico_util/include -iwithprefixbefore /pico-sdk/src/rp2040/hardware_regs/include -iwithprefixbefore /pico-sdk/src/rp2040/hardware_structs/include -iwithprefixbefore /pico-sdk/src/rp2_common/cmsis/include -iwithprefixbefore /pico-sdk/src/rp2_common/cmsis/stub/CMSIS/Core/Include -iwithprefixbefore /pico-sdk/src/rp2_common/cmsis/stub/CMSIS/Device/RaspberryPi/RP2040/Include -iwithprefixbefore /pico-sdk/src/rp2_common/hardware_adc/include -iwithprefixbefore /pico-sdk/src/rp2_common/hardware_base/include -iwithprefixbefore /pico-sdk/src/rp2_common/hardware_claim/include -iwithprefixbefore /pico-sdk/src/rp2_common/hardware_clocks/include -iwithprefixbefore /pico-sdk/src/rp2_common/hardware_divider/include -iwithprefixbefore /pico-sdk/src/rp2_common/hardware_dma/include -iwithprefixbefore /pico-sdk/src/rp2_common/hardware_exception/include -iwithprefixbefore /pico-sdk/src/rp2_common/hardware_flash/include -iwithprefixbefore /pico-sdk/src/rp2_common/hardware_gpio/include -iwithprefixbefore /pico-sdk/src/rp2_common/hardware_i2c/include -iwithprefixbefore /pico-sdk/src/rp2_common/hardware_interp/include -iwithprefixbefore /pico-sdk/src/rp2_common/hardware_irq/include -iwithprefixbefore /pico-sdk/src/rp2_common/hardware_rtc/include -iwithprefixbefore /pico-sdk/src/rp2_common/hardware_pio/include -iwithprefixbefore /pico-sdk/src/rp2_common/hardware_pll/include -iwithprefixbefore /pico-sdk/src/rp2_common/hardware_pwm/include -iwithprefixbefore /pico-sdk/src/rp2_common/hardware_resets/include -iwithprefixbefore /pico-sdk/src/rp2_common/hardware_spi/include -iwithprefixbefore /pico-sdk/src/rp2_common/hardware_sync/include -iwithprefixbefore /pico-sdk/src/rp2_common/hardware_timer/include -iwithprefixbefore /pico-sdk/src/rp2_common/hardware_uart/include -iwithprefixbefore /pico-sdk/src/rp2_common/hardware_vreg/include -iwithprefixbefore /pico-sdk/src/rp2_common/hardware_watchdog/include -iwithprefixbefore /pico-sdk/src/rp2_common/hardware_xosc/include -iwithprefixbefore /pico-sdk/src/rp2_common/pico_bootrom/include -iwithprefixbefore /pico-sdk/src/rp2_common/pico_cyw43_arch/include -iwithprefixbefore /pico-sdk/src/rp2_common/pico_double/include -iwithprefixbefore /pico-sdk/src/rp2_common/pico_float/include -iwithprefixbefore /pico-sdk/src/rp2_common/pico_int64_ops/include -iwithprefixbefore /pico-sdk/src/rp2_common/pico_lwip/include -iwithprefixbefore /pico-sdk/src/rp2_common/pico_multicore/include -iwithprefixbefore /pico-sdk/src/rp2_common/pico_platform/include -iwithprefixbefore /pico-sdk/src/rp2_common/pico_printf/include -iwithprefixbefore /pico-sdk/src/rp2_common/pico_runtime/include -iwithprefixbefore /pico-sdk/src/rp2_common/pico_stdio/include -iwithprefixbefore /pico-sdk/src/rp2_common/pico_stdio_uart/include -iwithprefixbefore /pico-sdk/src/rp2_common/pico_unique_id/include -iwithprefixbefore /pico-sdk/lib/cyw43-driver/src -iwithprefixbefore /pico-sdk/lib/lwip/src/include -isystem "c:\\users\\patry\\appdata\\local\\arduino15\\packages\\rp2040\\tools\\pqt-gcc\\1.4.0-c-0196c06\\bin\\../lib/gcc/arm-none-eabi/10.3.0/../../../../arm-none-eabi/include/c++/10.3.0" -isystem "c:\\users\\patry\\appdata\\local\\arduino15\\packages\\rp2040\\tools\\pqt-gcc\\1.4.0-c-0196c06\\bin\\../lib/gcc/arm-none-eabi/10.3.0/../../../../arm-none-eabi/include/c++/10.3.0/arm-none-eabi/thumb" -isystem "c:\\users\\patry\\appdata\\local\\arduino15\\packages\\rp2040\\tools\\pqt-gcc\\1.4.0-c-0196c06\\bin\\../lib/gcc/arm-none-eabi/10.3.0/../../../../arm-none-eabi/include/c++/10.3.0/backward" -isystem "c:\\users\\patry\\appdata\\local\\arduino15\\packages\\rp2040\\tools\\pqt-gcc\\1.4.0-c-0196c06\\bin\\../lib/gcc/arm-none-eabi/10.3.0/include" -isystem "c:\\users\\patry\\appdata\\local\\arduino15\\packages\\rp2040\\tools\\pqt-gcc\\1.4.0-c-0196c06\\bin\\../lib/gcc/arm-none-eabi/10.3.0/include-fixed" -isystem "c:\\users\\patry\\appdata\\local\\arduino15\\packages\\rp2040\\tools\\pqt-gcc\\1.4.0-c-0196c06\\bin\\../lib/gcc/arm-none-eabi/10.3.0/../../../../arm-none-eabi/include" -I "C:\\Users\\patry\\AppData\\Local\\Temp\\arduino-language-server2514283856/core" -D CFG_TUSB_MCU=OPT_MCU_RP2040 -D USB_VID=0x2e8a -D USB_PID=0x000a -D "USB_MANUFACTURER=\"Raspberry Pi\"" -D "USB_PRODUCT=\"Pico\"" -D PICO_CYW43_ARCH_THREADSAFE_BACKGROUND=1 -D CYW43_LWIP=0 -D LWIP_IPV6=0 -D LWIP_IPV4=1 -D LWIP_IGMP=1 -D LWIP_CHECKSUM_CTRL_PER_NETIF=1 -D "ARDUINO_VARIANT=\"rpipico\"" -D TARGET_RP2040 -D ARM_MATH_CM0_FAMILY -D ARM_MATH_CM0_PLUS -I "C:\\Users\\patry\\AppData\\Local\\Arduino15\\packages\\rp2040\\hardware\\rp2040\\2.6.2/include" -D SERIALUSB_PID=0x000a -D USBD_MAX_POWER_MA=250 -D F_CPU=133000000L -D ARDUINO=10607 -D ARDUINO_RASPBERRY_PI_PICO -D "BOARD_NAME=\"RASPBERRY_PI_PICO\"" -D ARDUINO_ARCH_RP2040 -D WIFICC=CYW43_COUNTRY_WORLDWIDE -I "C:\\Users\\patry\\AppData\\Local\\Arduino15\\packages\\rp2040\\hardware\\rp2040\\2.6.2\\cores\\rp2040" -I "C:\\Users\\patry\\AppData\\Local\\Arduino15\\packages\\rp2040\\hardware\\rp2040\\2.6.2\\variants\\rpipico" -internal-isystem "C:\\Users\\patry\\AppData\\Local\\Arduino15\\packages\\rp2040\\tools\\pqt-gcc\\1.4.0-c-0196c06\\bin\\../lib/clang-runtimes\\arm-none-eabi\\include\\c++\\v1" -internal-isystem "c:\\Users\\patry\\AppData\\Local\\Programs\\Arduino IDE\\resources\\app\\node_modules\\arduino-ide-extension\\lib\\clang\\14.0.0\\include" -internal-isystem "C:\\Users\\patry\\AppData\\Local\\Arduino15\\packages\\rp2040\\tools\\pqt-gcc\\1.4.0-c-0196c06\\bin\\../lib/clang-runtimes\\arm-none-eabi\\include" -Os -Werror=return-type -std=gnu++17 -fdeprecated-macro "-fdebug-compilation-dir=C:\\Users\\patry\\AppData\\Local\\Programs\\Arduino IDE" -ferror-limit 0 -fno-rtti -fno-signed-char -fgnuc-version=4.2.1 -vectorize-loops -vectorize-slp -faddrsig -D__GCC_HAVE_DWARF2_CFI_ASM=1 -x c++ "C:\\Users\\patry\\AppData\\Local\\Temp\\arduino-language-server2514283856\\sketch\\button_interupt.ino.cpp"
V[17:47:07.734] Building first preamble for C:\Users\patry\AppData\Local\Temp\arduino-language-server2514283856\sketch\button_interupt.ino.cpp version 1
I[17:47:07.896] --> $/progress
V[17:47:07.896] >>> {"jsonrpc":"2.0","method":"$/progress","params":{"token":"backgroundIndexProgress","value":{"kind":"report","message":"0/35","percentage":0}}}

I[17:47:07.896] --> $/progress
V[17:47:07.896] >>> {"jsonrpc":"2.0","method":"$/progress","params":{"token":"backgroundIndexProgress","value":{"kind":"report","message":"0/35","percentage":0}}}

I[17:47:07.896] --> $/progress
V[17:47:07.896] >>> {"jsonrpc":"2.0","method":"$/progress","params":{"token":"backgroundIndexProgress","value":{"kind":"report","message":"0/35","percentage":0}}}

I[17:47:07.896] --> $/progress
V[17:47:07.896] >>> {"jsonrpc":"2.0","method":"$/progress","params":{"token":"backgroundIndexProgress","value":{"kind":"report","message":"0/35","percentage":0}}}

I[17:47:07.896] --> $/progress
V[17:47:07.896] >>> {"jsonrpc":"2.0","method":"$/progress","params":{"token":"backgroundIndexProgress","value":{"kind":"report","message":"0/35","percentage":0}}}

I[17:47:07.896] --> $/progress
V[17:47:07.896] >>> {"jsonrpc":"2.0","method":"$/progress","params":{"token":"backgroundIndexProgress","value":{"kind":"report","message":"0/35","percentage":0}}}

I[17:47:07.896] --> $/progress
V[17:47:07.896] >>> {"jsonrpc":"2.0","method":"$/progress","params":{"token":"backgroundIndexProgress","value":{"kind":"report","message":"0/35","percentage":0}}}

I[17:47:07.896] --> $/progress
V[17:47:07.896] >>> {"jsonrpc":"2.0","method":"$/progress","params":{"token":"backgroundIndexProgress","value":{"kind":"report","message":"0/35","percentage":0}}}

I[17:47:07.896] --> $/progress
V[17:47:07.896] >>> {"jsonrpc":"2.0","method":"$/progress","params":{"token":"backgroundIndexProgress","value":{"kind":"report","message":"1/35","percentage":2}}}

I[17:47:07.897] --> $/progress
V[17:47:07.897] >>> {"jsonrpc":"2.0","method":"$/progress","params":{"token":"backgroundIndexProgress","value":{"kind":"report","message":"1/35","percentage":2}}}

V[17:47:07.900] Indexing C:\Users\patry\AppData\Local\Arduino15\packages\rp2040\hardware\rp2040\2.6.2\cores\rp2040\SerialUSB.cpp (digest:=51F132E88BE30EC9)
V[17:47:07.901] Indexing C:\Users\patry\AppData\Local\Arduino15\packages\rp2040\hardware\rp2040\2.6.2\cores\rp2040\RP2040USB.cpp (digest:=BB44F7E5504EFEB0)
V[17:47:07.902] Indexing C:\Users\patry\AppData\Local\Arduino15\packages\rp2040\hardware\rp2040\2.6.2\cores\rp2040\wiring_digital.cpp (digest:=1A9BC15CCF264100)
V[17:47:07.902] Indexing C:\Users\patry\AppData\Local\Arduino15\packages\rp2040\hardware\rp2040\2.6.2\cores\rp2040\wiring_private.cpp (digest:=46ED924176162402)
V[17:47:07.902] Indexing C:\Users\patry\AppData\Local\Arduino15\packages\rp2040\hardware\rp2040\2.6.2\cores\rp2040\libb64\cdecode.cpp (digest:=4D29AA34F4DAAE7C)
V[17:47:07.903] Indexing C:\Users\patry\AppData\Local\Arduino15\packages\rp2040\hardware\rp2040\2.6.2\cores\rp2040\api\PluggableUSB.cpp (digest:=A2E62FF32E7A0BDC)
V[17:47:07.903] Indexing C:\Users\patry\AppData\Local\Arduino15\packages\rp2040\hardware\rp2040\2.6.2\cores\rp2040\api\Print.cpp (digest:=62F6187225840C66)
V[17:47:07.903] Indexing C:\Users\patry\AppData\Local\Arduino15\packages\rp2040\hardware\rp2040\2.6.2\cores\rp2040\malloc-lock.cpp (digest:=A966DA50A1EDFE68)
I[17:47:08.007] Indexed C:\Users\patry\AppData\Local\Arduino15\packages\rp2040\hardware\rp2040\2.6.2\cores\rp2040\api\PluggableUSB.cpp (77 symbols, 414 refs, 12 files)
I[17:47:08.029] Indexed C:\Users\patry\AppData\Local\Arduino15\packages\rp2040\hardware\rp2040\2.6.2\cores\rp2040\libb64\cdecode.cpp (80 symbols, 662 refs, 19 files)
V[17:47:08.103] Dropped diagnostic: : duplicate 'inline' declaration specifier
V[17:47:08.103] Dropped diagnostic: : duplicate 'inline' declaration specifier
V[17:47:08.104] Dropped diagnostic: : duplicate 'inline' declaration specifier
V[17:47:08.106] Dropped diagnostic: : duplicate 'inline' declaration specifier
V[17:47:08.107] Dropped diagnostic: : duplicate 'inline' declaration specifier
V[17:47:08.107] Dropped diagnostic: : duplicate 'inline' declaration specifier
V[17:47:08.107] Dropped diagnostic: : duplicate 'inline' declaration specifier
V[17:47:08.107] Dropped diagnostic: : duplicate 'inline' declaration specifier
V[17:47:08.148] Dropped diagnostic: : duplicate 'inline' declaration specifier
I[17:47:08.168] --> $/progress
V[17:47:08.168] >>> {"jsonrpc":"2.0","method":"$/progress","params":{"token":"backgroundIndexProgress","value":{"kind":"report","message":"2/35","percentage":5}}}

I[17:47:08.168] --> $/progress
V[17:47:08.168] >>> {"jsonrpc":"2.0","method":"$/progress","params":{"token":"backgroundIndexProgress","value":{"kind":"report","message":"2/35","percentage":5}}}

V[17:47:08.174] Indexing C:\Users\patry\AppData\Local\Arduino15\packages\rp2040\hardware\rp2040\2.6.2\cores\rp2040\wiring_shift.cpp (digest:=784F71C4CB266AEB)
I[17:47:08.277] --> $/progress
V[17:47:08.277] >>> {"jsonrpc":"2.0","method":"$/progress","params":{"token":"backgroundIndexProgress","value":{"kind":"report","message":"3/35","percentage":8}}}

I[17:47:08.277] --> $/progress
V[17:47:08.277] >>> {"jsonrpc":"2.0","method":"$/progress","params":{"token":"backgroundIndexProgress","value":{"kind":"report","message":"3/35","percentage":8}}}

V[17:47:08.278] Indexing C:\Users\patry\AppData\Local\Arduino15\packages\rp2040\hardware\rp2040\2.6.2\cores\rp2040\lwip_wrap.cpp (digest:=390BC48E25D4681B)
V[17:47:08.304] Dropped diagnostic: : duplicate 'inline' declaration specifier
V[17:47:08.304] Dropped diagnostic: : duplicate 'inline' declaration specifier
V[17:47:08.304] Dropped diagnostic: : duplicate 'inline' declaration specifier
V[17:47:08.304] Dropped diagnostic: : duplicate 'inline' declaration specifier
V[17:47:08.304] Dropped diagnostic: : duplicate 'inline' declaration specifier
V[17:47:08.304] Dropped diagnostic: : duplicate 'inline' declaration specifier
V[17:47:08.304] Dropped diagnostic: : duplicate 'inline' declaration specifier
V[17:47:08.304] Dropped diagnostic: : duplicate 'inline' declaration specifier
V[17:47:08.304] Dropped diagnostic: : duplicate 'inline' declaration specifier
V[17:47:08.304] Dropped diagnostic: : duplicate 'inline' declaration specifier
V[17:47:08.305] Dropped diagnostic: : duplicate 'inline' declaration specifier
V[17:47:08.305] Dropped diagnostic: : duplicate 'inline' declaration specifier
V[17:47:08.305] Dropped diagnostic: : duplicate 'inline' declaration specifier
V[17:47:08.305] Dropped diagnostic: : duplicate 'inline' declaration specifier
V[17:47:08.305] Dropped diagnostic: : duplicate 'inline' declaration specifier
V[17:47:08.895] Ignored diagnostic. C:\Users\patry\AppData\Local\Arduino15\packages\rp2040\hardware\rp2040\2.6.2//pico-sdk/src/rp2_common/cmsis/stub/CMSIS/Core/Include\core_cm0plus.h:90:6:"Compiler generates FPU instructions for a device without an FPU (check __FPU_PRESENT)"
V[17:47:08.897] Ignored diagnostic. C:\Users\patry\AppData\Local\Arduino15\packages\rp2040\hardware\rp2040\2.6.2//pico-sdk/src/rp2_common/cmsis/stub/CMSIS/Core/Include\core_cm0plus.h:90:6:"Compiler generates FPU instructions for a device without an FPU (check __FPU_PRESENT)"
V[17:47:08.943] indexed preamble AST for C:\Users\patry\AppData\Local\Temp\arduino-language-server2514283856\sketch\button_interupt.ino.cpp version 1:
  symbol slab: 23516 symbols, 6537184 bytes
  ref slab: 0 symbols, 0 refs, 136 bytes
  relations slab: 270 relations, 5396 bytes
V[17:47:08.982] Ignored diagnostic. C:\Users\patry\AppData\Local\Arduino15\packages\rp2040\hardware\rp2040\2.6.2//pico-sdk/src/rp2_common/cmsis/stub/CMSIS/Core/Include\core_cm0plus.h:90:6:"Compiler generates FPU instructions for a device without an FPU (check __FPU_PRESENT)"
V[17:47:08.999] Ignored diagnostic. C:\Users\patry\AppData\Local\Arduino15\packages\rp2040\hardware\rp2040\2.6.2//pico-sdk/src/rp2_common/cmsis/stub/CMSIS/Core/Include\core_cm0plus.h:90:6:"Compiler generates FPU instructions for a device without an FPU (check __FPU_PRESENT)"
I[17:47:09.026] Indexed C:\Users\patry\AppData\Local\Arduino15\packages\rp2040\hardware\rp2040\2.6.2\cores\rp2040\api\Print.cpp (2682 symbols, 12921 refs, 88 files)
V[17:47:09.043] Ignored diagnostic. C:\Users\patry\AppData\Local\Arduino15\packages\rp2040\hardware\rp2040\2.6.2//pico-sdk/src/rp2_common/cmsis/stub/CMSIS/Core/Include\core_cm0plus.h:90:6:"Compiler generates FPU instructions for a device without an FPU (check __FPU_PRESENT)"
I[17:47:09.077] Indexed C:\Users\patry\AppData\Local\Arduino15\packages\rp2040\hardware\rp2040\2.6.2\cores\rp2040\lwip_wrap.cpp (1366 symbols, 7515 refs, 101 files)
V[17:47:09.363] Ignored diagnostic. C:\Users\patry\AppData\Local\Arduino15\packages\rp2040\hardware\rp2040\2.6.2//pico-sdk/src/rp2_common/cmsis/stub/CMSIS/Core/Include\core_cm0plus.h:90:6:"Compiler generates FPU instructions for a device without an FPU (check __FPU_PRESENT)"
V[17:47:09.513] Build dynamic index for header symbols with estimated memory usage of 14237312 bytes
V[17:47:09.514] Dropped diagnostic: : duplicate 'inline' declaration specifier
V[17:47:09.526] Built preamble of size 5306576 for file C:\Users\patry\AppData\Local\Temp\arduino-language-server2514283856\sketch\button_interupt.ino.cpp version 1
V[17:47:09.553] indexed file AST for C:\Users\patry\AppData\Local\Temp\arduino-language-server2514283856\sketch\button_interupt.ino.cpp version 1:
  symbol slab: 5 symbols, 5384 bytes
  ref slab: 14 symbols, 25 refs, 4688 bytes
  relations slab: 0 relations, 24 bytes
V[17:47:09.553] Build dynamic index for main-file symbols with estimated memory usage of 14592 bytes
I[17:47:09.553] --> textDocument/publishDiagnostics
V[17:47:09.553] >>> {"jsonrpc":"2.0","method":"textDocument/publishDiagnostics","params":{"diagnostics":[{"code":"pp_hash_error","message":"In included file: \"Compiler generates FPU instructions for a device without an FPU (check __FPU_PRESENT)\"","range":{"end":{"character":10,"line":12},"start":{"character":9,"line":12}},"relatedInformation":[{"location":{"range":{"end":{"character":10,"line":89},"start":{"character":5,"line":89}},"uri":"file:///C:/Users/patry/AppData/Local/Arduino15/packages/rp2040/hardware/rp2040/2.6.2/pico-sdk/src/rp2_common/cmsis/stub/CMSIS/Core/Include/core_cm0plus.h"},"message":"Error occurred here"}],"severity":1,"source":"clang"}],"uri":"file:///C:/Users/patry/AppData/Local/Temp/arduino-language-server2514283856/sketch/button_interupt.ino.cpp","version":1}}

V[17:47:09.553] ASTWorker running EnumerateTweaks on version 1 of C:\Users\patry\AppData\Local\Temp\arduino-language-server2514283856\sketch\button_interupt.ino.cpp
I[17:47:09.554] --> reply:textDocument/codeAction("2") 1886 ms
V[17:47:09.554] >>> {"id":"2","jsonrpc":"2.0","result":[]}

V[17:47:09.555] <<< {"id":"3","jsonrpc":"2.0","method":"textDocument/documentSymbol","params":{"textDocument":{"uri":"file:///C:/Users/patry/AppData/Local/Temp/arduino-language-server2514283856/sketch/button_interupt.ino.cpp"}}}

I[17:47:09.555] <-- textDocument/documentSymbol("3")
V[17:47:09.556] ASTWorker running DocumentSymbols on version 1 of C:\Users\patry\AppData\Local\Temp\arduino-language-server2514283856\sketch\button_interupt.ino.cpp
I[17:47:09.557] --> reply:textDocument/documentSymbol("3") 1 ms
V[17:47:09.557] >>> {"id":"3","jsonrpc":"2.0","result":[{"detail":"void ()","kind":12,"name":"zmieni_przycisk","range":{"end":{"character":22,"line":21},"start":{"character":0,"line":21}},"selectionRange":{"end":{"character":20,"line":21},"start":{"character":5,"line":21}}},{"detail":"void ()","kind":12,"name":"setup","range":{"end":{"character":12,"line":23},"start":{"character":0,"line":23}},"selectionRange":{"end":{"character":10,"line":23},"start":{"character":5,"line":23}}},{"detail":"void ()","kind":12,"name":"loop","range":{"end":{"character":11,"line":25},"start":{"character":0,"line":25}},"selectionRange":{"end":{"character":9,"line":25},"start":{"character":5,"line":25}}},{"detail":"void ()","kind":12,"name":"zmieni_przycisk","range":{"end":{"character":1,"line":30},"start":{"character":0,"line":27}},"selectionRange":{"end":{"character":20,"line":27},"start":{"character":5,"line":27}}},{"detail":"void ()","kind":12,"name":"setup","range":{"end":{"character":1,"line":51},"start":{"character":0,"line":33}},"selectionRange":{"end":{"character":10,"line":33},"start":{"character":5,"line":33}}},{"detail":"void ()","kind":12,"name":"loop","range":{"end":{"character":1,"line":55},"start":{"character":0,"line":53}},"selectionRange":{"end":{"character":9,"line":53},"start":{"character":5,"line":53}}}]}

I[17:47:10.216] --> $/progress
V[17:47:10.216] >>> {"jsonrpc":"2.0","method":"$/progress","params":{"token":"backgroundIndexProgress","value":{"kind":"report","message":"4/35","percentage":11}}}

I[17:47:10.216] --> $/progress
V[17:47:10.216] >>> {"jsonrpc":"2.0","method":"$/progress","params":{"token":"backgroundIndexProgress","value":{"kind":"report","message":"4/35","percentage":11}}}

V[17:47:10.268] System include extraction: target extracted: "arm-none-eabi"
V[17:47:10.268] System include extraction: adding  c:\users\patry\appdata\local\arduino15\packages\rp2040\tools\pqt-gcc\1.4.0-c-0196c06\bin\../lib/gcc/arm-none-eabi/10.3.0/include
V[17:47:10.268] System include extraction: adding  c:\users\patry\appdata\local\arduino15\packages\rp2040\tools\pqt-gcc\1.4.0-c-0196c06\bin\../lib/gcc/arm-none-eabi/10.3.0/include-fixed
V[17:47:10.268] System include extraction: adding  c:\users\patry\appdata\local\arduino15\packages\rp2040\tools\pqt-gcc\1.4.0-c-0196c06\bin\../lib/gcc/arm-none-eabi/10.3.0/../../../../arm-none-eabi/include
I[17:47:10.268] System includes extractor: successfully executed C:\Users\patry\AppData\Local\Arduino15\packages\rp2040\tools\pqt-gcc\1.4.0-c-0196c06\bin\arm-none-eabi-gcc.exe
	got includes: "c:\users\patry\appdata\local\arduino15\packages\rp2040\tools\pqt-gcc\1.4.0-c-0196c06\bin\../lib/gcc/arm-none-eabi/10.3.0/include, c:\users\patry\appdata\local\arduino15\packages\rp2040\tools\pqt-gcc\1.4.0-c-0196c06\bin\../lib/gcc/arm-none-eabi/10.3.0/include-fixed, c:\users\patry\appdata\local\arduino15\packages\rp2040\tools\pqt-gcc\1.4.0-c-0196c06\bin\../lib/gcc/arm-none-eabi/10.3.0/../../../../arm-none-eabi/include"
	got target: "arm-none-eabi"
V[17:47:10.271] Indexing C:\Users\patry\AppData\Local\Arduino15\packages\rp2040\hardware\rp2040\2.6.2\cores\rp2040\sdkoverride\pico_bootsel_via_double_reset.c (digest:=83460492007A3402)
I[17:47:10.319] Indexed C:\Users\patry\AppData\Local\Arduino15\packages\rp2040\hardware\rp2040\2.6.2\cores\rp2040\malloc-lock.cpp (5388 symbols, 42432 refs, 232 files)
I[17:47:10.319] Failed to compile C:\Users\patry\AppData\Local\Arduino15\packages\rp2040\hardware\rp2040\2.6.2\cores\rp2040\malloc-lock.cpp, index may be incomplete
I[17:47:10.360] Indexed C:\Users\patry\AppData\Local\Arduino15\packages\rp2040\hardware\rp2040\2.6.2\cores\rp2040\sdkoverride\pico_bootsel_via_double_reset.c (86 symbols, 1933 refs, 38 files)
I[17:47:10.400] --> $/progress
V[17:47:10.400] >>> {"jsonrpc":"2.0","method":"$/progress","params":{"token":"backgroundIndexProgress","value":{"kind":"report","message":"5/35","percentage":14}}}

I[17:47:10.400] --> $/progress
V[17:47:10.400] >>> {"jsonrpc":"2.0","method":"$/progress","params":{"token":"backgroundIndexProgress","value":{"kind":"report","message":"5/35","percentage":14}}}

V[17:47:10.406] Indexing C:\Users\patry\AppData\Local\Arduino15\packages\rp2040\hardware\rp2040\2.6.2\cores\rp2040\delay.cpp (digest:=6D0AEBBC0AEA98A5)
I[17:47:10.414] Indexed C:\Users\patry\AppData\Local\Arduino15\packages\rp2040\hardware\rp2040\2.6.2\cores\rp2040\wiring_digital.cpp (5389 symbols, 42491 refs, 232 files)
I[17:47:10.414] Failed to compile C:\Users\patry\AppData\Local\Arduino15\packages\rp2040\hardware\rp2040\2.6.2\cores\rp2040\wiring_digital.cpp, index may be incomplete
I[17:47:10.448] --> $/progress
V[17:47:10.448] >>> {"jsonrpc":"2.0","method":"$/progress","params":{"token":"backgroundIndexProgress","value":{"kind":"report","message":"6/35","percentage":17}}}

I[17:47:10.448] --> $/progress
V[17:47:10.448] >>> {"jsonrpc":"2.0","method":"$/progress","params":{"token":"backgroundIndexProgress","value":{"kind":"report","message":"6/35","percentage":17}}}

V[17:47:10.449] Indexing C:\Users\patry\AppData\Local\Arduino15\packages\rp2040\hardware\rp2040\2.6.2\cores\rp2040\lock.cpp (digest:=50597F073734939D)
I[17:47:10.573] Indexed C:\Users\patry\AppData\Local\Arduino15\packages\rp2040\hardware\rp2040\2.6.2\cores\rp2040\delay.cpp (5 symbols, 1903 refs, 38 files)
I[17:47:10.587] --> $/progress
V[17:47:10.588] >>> {"jsonrpc":"2.0","method":"$/progress","params":{"token":"backgroundIndexProgress","value":{"kind":"report","message":"7/35","percentage":20}}}

I[17:47:10.588] --> $/progress
V[17:47:10.588] >>> {"jsonrpc":"2.0","method":"$/progress","params":{"token":"backgroundIndexProgress","value":{"kind":"report","message":"7/35","percentage":20}}}

V[17:47:10.591] Indexing C:\Users\patry\AppData\Local\Arduino15\packages\rp2040\hardware\rp2040\2.6.2\cores\rp2040\api\String.cpp (digest:=B1D818DFDAAD5C3F)
I[17:47:10.639] Indexed C:\Users\patry\AppData\Local\Arduino15\packages\rp2040\hardware\rp2040\2.6.2\cores\rp2040\lock.cpp (9 symbols, 2070 refs, 43 files)
I[17:47:10.654] Indexed C:\Users\patry\AppData\Local\Arduino15\packages\rp2040\hardware\rp2040\2.6.2\cores\rp2040\SerialUSB.cpp (6474 symbols, 45412 refs, 254 files)
I[17:47:10.654] Failed to compile C:\Users\patry\AppData\Local\Arduino15\packages\rp2040\hardware\rp2040\2.6.2\cores\rp2040\SerialUSB.cpp, index may be incomplete
I[17:47:10.690] --> $/progress
V[17:47:10.690] >>> {"jsonrpc":"2.0","method":"$/progress","params":{"token":"backgroundIndexProgress","value":{"kind":"report","message":"8/35","percentage":22}}}

I[17:47:10.690] --> $/progress
V[17:47:10.690] >>> {"jsonrpc":"2.0","method":"$/progress","params":{"token":"backgroundIndexProgress","value":{"kind":"report","message":"8/35","percentage":22}}}

V[17:47:10.692] Indexing C:\Users\patry\AppData\Local\Arduino15\packages\rp2040\hardware\rp2040\2.6.2\cores\rp2040\wiring_pulse.cpp (digest:=2DD0D6451F33FC44)
I[17:47:10.717] Indexed C:\Users\patry\AppData\Local\Arduino15\packages\rp2040\hardware\rp2040\2.6.2\cores\rp2040\wiring_shift.cpp (5280 symbols, 42250 refs, 232 files)
I[17:47:10.717] Failed to compile C:\Users\patry\AppData\Local\Arduino15\packages\rp2040\hardware\rp2040\2.6.2\cores\rp2040\wiring_shift.cpp, index may be incomplete
I[17:47:10.733] Indexed C:\Users\patry\AppData\Local\Arduino15\packages\rp2040\hardware\rp2040\2.6.2\cores\rp2040\RP2040USB.cpp (6976 symbols, 46085 refs, 252 files)
I[17:47:10.733] Failed to compile C:\Users\patry\AppData\Local\Arduino15\packages\rp2040\hardware\rp2040\2.6.2\cores\rp2040\RP2040USB.cpp, index may be incomplete
I[17:47:10.804] Indexed C:\Users\patry\AppData\Local\Arduino15\packages\rp2040\hardware\rp2040\2.6.2\cores\rp2040\api\String.cpp (193 symbols, 2264 refs, 42 files)
V[17:47:11.045] BackgroundIndex: building version 1 after indexing enough files
I[17:47:11.067] Indexed C:\Users\patry\AppData\Local\Arduino15\packages\rp2040\hardware\rp2040\2.6.2\cores\rp2040\wiring_private.cpp (5926 symbols, 47877 refs, 246 files)
I[17:47:11.067] Failed to compile C:\Users\patry\AppData\Local\Arduino15\packages\rp2040\hardware\rp2040\2.6.2\cores\rp2040\wiring_private.cpp, index may be incomplete
V[17:47:11.165] BackgroundIndex: serving version 1 (6567077 bytes)
I[17:47:11.166] --> $/progress
V[17:47:11.166] >>> {"jsonrpc":"2.0","method":"$/progress","params":{"token":"backgroundIndexProgress","value":{"kind":"report","message":"9/35","percentage":25}}}

I[17:47:11.166] --> $/progress
V[17:47:11.166] >>> {"jsonrpc":"2.0","method":"$/progress","params":{"token":"backgroundIndexProgress","value":{"kind":"report","message":"9/35","percentage":25}}}

V[17:47:11.168] Indexing C:\Users\patry\AppData\Local\Arduino15\packages\rp2040\hardware\rp2040\2.6.2\cores\rp2040\SerialUART.cpp (digest:=ACFA1905027DE538)
V[17:47:11.343] Ignored diagnostic. C:\Users\patry\AppData\Local\Arduino15\packages\rp2040\hardware\rp2040\2.6.2//pico-sdk/src/rp2_common/cmsis/stub/CMSIS/Core/Include\core_cm0plus.h:90:6:"Compiler generates FPU instructions for a device without an FPU (check __FPU_PRESENT)"
V[17:47:11.953] Ignored diagnostic. C:\Users\patry\AppData\Local\Arduino15\packages\rp2040\hardware\rp2040\2.6.2//pico-sdk/src/rp2_common/cmsis/stub/CMSIS/Core/Include\core_cm0plus.h:90:6:"Compiler generates FPU instructions for a device without an FPU (check __FPU_PRESENT)"
I[17:47:12.152] Indexed C:\Users\patry\AppData\Local\Arduino15\packages\rp2040\hardware\rp2040\2.6.2\cores\rp2040\wiring_pulse.cpp (2546 symbols, 32811 refs, 232 files)
I[17:47:12.152] Failed to compile C:\Users\patry\AppData\Local\Arduino15\packages\rp2040\hardware\rp2040\2.6.2\cores\rp2040\wiring_pulse.cpp, index may be incomplete
I[17:47:12.515] Indexed C:\Users\patry\AppData\Local\Arduino15\packages\rp2040\hardware\rp2040\2.6.2\cores\rp2040\SerialUART.cpp (2642 symbols, 33457 refs, 232 files)
I[17:47:12.515] Failed to compile C:\Users\patry\AppData\Local\Arduino15\packages\rp2040\hardware\rp2040\2.6.2\cores\rp2040\SerialUART.cpp, index may be incomplete
I[17:47:15.805] --> $/progress
V[17:47:15.805] >>> {"jsonrpc":"2.0","method":"$/progress","params":{"token":"backgroundIndexProgress","value":{"kind":"report","message":"10/35","percentage":28}}}

I[17:47:15.805] --> $/progress
V[17:47:15.805] >>> {"jsonrpc":"2.0","method":"$/progress","params":{"token":"backgroundIndexProgress","value":{"kind":"report","message":"10/35","percentage":28}}}

V[17:47:15.807] Indexing C:\Users\patry\AppData\Local\Arduino15\packages\rp2040\hardware\rp2040\2.6.2\cores\rp2040\api\IPAddress.cpp (digest:=18A0492FBD708878)
I[17:47:15.815] --> $/progress
V[17:47:15.815] >>> {"jsonrpc":"2.0","method":"$/progress","params":{"token":"backgroundIndexProgress","value":{"kind":"report","message":"11/35","percentage":31}}}

I[17:47:15.815] --> $/progress
V[17:47:15.815] >>> {"jsonrpc":"2.0","method":"$/progress","params":{"token":"backgroundIndexProgress","value":{"kind":"report","message":"11/35","percentage":31}}}

V[17:47:15.818] Indexing C:\Users\patry\AppData\Local\Arduino15\packages\rp2040\hardware\rp2040\2.6.2\cores\rp2040\api\Common.cpp (digest:=51944ABDA42C6395)
I[17:47:15.873] Indexed C:\Users\patry\AppData\Local\Arduino15\packages\rp2040\hardware\rp2040\2.6.2\cores\rp2040\api\Common.cpp (86 symbols, 336 refs, 10 files)
I[17:47:16.137] --> $/progress
V[17:47:16.137] >>> {"jsonrpc":"2.0","method":"$/progress","params":{"token":"backgroundIndexProgress","value":{"kind":"report","message":"12/35","percentage":34}}}

I[17:47:16.137] --> $/progress
V[17:47:16.137] >>> {"jsonrpc":"2.0","method":"$/progress","params":{"token":"backgroundIndexProgress","value":{"kind":"report","message":"12/35","percentage":34}}}

V[17:47:16.139] Indexing C:\Users\patry\AppData\Local\Arduino15\packages\rp2040\hardware\rp2040\2.6.2\cores\rp2040\RP2040Support.cpp (digest:=06D307413D63EA53)
V[17:47:16.465] Ignored diagnostic. C:\Users\patry\AppData\Local\Arduino15\packages\rp2040\hardware\rp2040\2.6.2//pico-sdk/src/rp2_common/cmsis/stub/CMSIS/Core/Include\core_cm0plus.h:90:6:"Compiler generates FPU instructions for a device without an FPU (check __FPU_PRESENT)"
V[17:47:16.816] Ignored diagnostic. C:\Users\patry\AppData\Local\Arduino15\packages\rp2040\hardware\rp2040\2.6.2//pico-sdk/src/rp2_common/cmsis/stub/CMSIS/Core/Include\core_cm0plus.h:90:6:"Compiler generates FPU instructions for a device without an FPU (check __FPU_PRESENT)"
I[17:47:16.839] --> $/progress
V[17:47:16.839] >>> {"jsonrpc":"2.0","method":"$/progress","params":{"token":"backgroundIndexProgress","value":{"kind":"report","message":"13/35","percentage":37}}}

I[17:47:16.839] --> $/progress
V[17:47:16.839] >>> {"jsonrpc":"2.0","method":"$/progress","params":{"token":"backgroundIndexProgress","value":{"kind":"report","message":"13/35","percentage":37}}}

V[17:47:16.840] Indexing C:\Users\patry\AppData\Local\Arduino15\packages\rp2040\hardware\rp2040\2.6.2\cores\rp2040\api\Stream.cpp (digest:=0153A84349515475)
I[17:47:16.877] --> $/progress
V[17:47:16.877] >>> {"jsonrpc":"2.0","method":"$/progress","params":{"token":"backgroundIndexProgress","value":{"kind":"report","message":"14/35","percentage":40}}}

I[17:47:16.877] --> $/progress
V[17:47:16.877] >>> {"jsonrpc":"2.0","method":"$/progress","params":{"token":"backgroundIndexProgress","value":{"kind":"report","message":"14/35","percentage":40}}}

V[17:47:16.885] Indexing C:\Users\patry\AppData\Local\Arduino15\packages\rp2040\hardware\rp2040\2.6.2\cores\rp2040\main.cpp (digest:=A88F20D6C85CF729)
I[17:47:16.922] --> $/progress
V[17:47:16.922] >>> {"jsonrpc":"2.0","method":"$/progress","params":{"token":"backgroundIndexProgress","value":{"kind":"report","message":"15/35","percentage":42}}}

I[17:47:16.922] --> $/progress
V[17:47:16.922] >>> {"jsonrpc":"2.0","method":"$/progress","params":{"token":"backgroundIndexProgress","value":{"kind":"report","message":"15/35","percentage":42}}}

V[17:47:16.924] Indexing C:\Users\patry\AppData\Local\Arduino15\packages\rp2040\hardware\rp2040\2.6.2\cores\rp2040\SerialPIO.cpp (digest:=4E63F274317350CE)
I[17:47:17.101] Indexed C:\Users\patry\AppData\Local\Arduino15\packages\rp2040\hardware\rp2040\2.6.2\cores\rp2040\api\Stream.cpp (982 symbols, 3872 refs, 56 files)
I[17:47:17.255] --> $/progress
V[17:47:17.255] >>> {"jsonrpc":"2.0","method":"$/progress","params":{"token":"backgroundIndexProgress","value":{"kind":"report","message":"16/35","percentage":45}}}

I[17:47:17.255] --> $/progress
V[17:47:17.255] >>> {"jsonrpc":"2.0","method":"$/progress","params":{"token":"backgroundIndexProgress","value":{"kind":"report","message":"16/35","percentage":45}}}

V[17:47:17.258] Indexing C:\Users\patry\AppData\Local\Arduino15\packages\rp2040\hardware\rp2040\2.6.2\cores\rp2040\_freertos.cpp (digest:=1ECFFCA73855DC1D)
I[17:47:17.381] Indexed C:\Users\patry\AppData\Local\Arduino15\packages\rp2040\hardware\rp2040\2.6.2\cores\rp2040\api\IPAddress.cpp (3540 symbols, 35006 refs, 237 files)
I[17:47:17.381] Failed to compile C:\Users\patry\AppData\Local\Arduino15\packages\rp2040\hardware\rp2040\2.6.2\cores\rp2040\api\IPAddress.cpp, index may be incomplete
I[17:47:17.427] --> $/progress
V[17:47:17.427] >>> {"jsonrpc":"2.0","method":"$/progress","params":{"token":"backgroundIndexProgress","value":{"kind":"report","message":"17/35","percentage":48}}}

I[17:47:17.427] --> $/progress
V[17:47:17.427] >>> {"jsonrpc":"2.0","method":"$/progress","params":{"token":"backgroundIndexProgress","value":{"kind":"report","message":"17/35","percentage":48}}}

V[17:47:17.430] Indexing C:\Users\patry\AppData\Local\Arduino15\packages\rp2040\hardware\rp2040\2.6.2\cores\rp2040\libb64\cencode.cpp (digest:=D24A8DC67CC567F2)
I[17:47:17.461] Indexed C:\Users\patry\AppData\Local\Arduino15\packages\rp2040\hardware\rp2040\2.6.2\cores\rp2040\_freertos.cpp (488 symbols, 3292 refs, 52 files)
I[17:47:17.476] Indexed C:\Users\patry\AppData\Local\Arduino15\packages\rp2040\hardware\rp2040\2.6.2\cores\rp2040\libb64\cencode.cpp (15 symbols, 76 refs, 2 files)
I[17:47:17.493] --> $/progress
V[17:47:17.493] >>> {"jsonrpc":"2.0","method":"$/progress","params":{"token":"backgroundIndexProgress","value":{"kind":"report","message":"18/35","percentage":51}}}

I[17:47:17.493] --> $/progress
V[17:47:17.494] >>> {"jsonrpc":"2.0","method":"$/progress","params":{"token":"backgroundIndexProgress","value":{"kind":"report","message":"18/35","percentage":51}}}

V[17:47:17.499] Indexing C:\Users\patry\AppData\Local\Arduino15\packages\rp2040\hardware\rp2040\2.6.2\cores\rp2040\WMath.cpp (digest:=B178E1A49796D853)
I[17:47:17.510] --> $/progress
V[17:47:17.510] >>> {"jsonrpc":"2.0","method":"$/progress","params":{"token":"backgroundIndexProgress","value":{"kind":"report","message":"19/35","percentage":54}}}

I[17:47:17.510] --> $/progress
V[17:47:17.510] >>> {"jsonrpc":"2.0","method":"$/progress","params":{"token":"backgroundIndexProgress","value":{"kind":"report","message":"19/35","percentage":54}}}

V[17:47:17.512] Indexing C:\Users\patry\AppData\Local\Arduino15\packages\rp2040\hardware\rp2040\2.6.2\cores\rp2040\wiring_analog.cpp (digest:=9283B8971D591D2D)
I[17:47:17.565] --> $/progress
V[17:47:17.565] >>> {"jsonrpc":"2.0","method":"$/progress","params":{"token":"backgroundIndexProgress","value":{"kind":"report","message":"20/35","percentage":57}}}

I[17:47:17.565] --> $/progress
V[17:47:17.565] >>> {"jsonrpc":"2.0","method":"$/progress","params":{"token":"backgroundIndexProgress","value":{"kind":"report","message":"20/35","percentage":57}}}

V[17:47:17.568] Indexing C:\Users\patry\AppData\Local\Arduino15\packages\rp2040\hardware\rp2040\2.6.2\cores\rp2040\FS.cpp (digest:=C54468D7C1FEB741)
I[17:47:17.609] Indexed C:\Users\patry\AppData\Local\Arduino15\packages\rp2040\hardware\rp2040\2.6.2\cores\rp2040\WMath.cpp (311 symbols, 1528 refs, 29 files)
I[17:47:17.690] --> $/progress
V[17:47:17.690] >>> {"jsonrpc":"2.0","method":"$/progress","params":{"token":"backgroundIndexProgress","value":{"kind":"report","message":"21/35","percentage":60}}}

I[17:47:17.690] --> $/progress
V[17:47:17.690] >>> {"jsonrpc":"2.0","method":"$/progress","params":{"token":"backgroundIndexProgress","value":{"kind":"report","message":"21/35","percentage":60}}}

V[17:47:17.693] Indexing C:\Users\patry\AppData\Local\Arduino15\packages\rp2040\hardware\rp2040\2.6.2\cores\rp2040\CoreMutex.cpp (digest:=55C45436ED616626)
I[17:47:17.728] Indexed C:\Users\patry\AppData\Local\Arduino15\packages\rp2040\hardware\rp2040\2.6.2\cores\rp2040\RP2040Support.cpp (3596 symbols, 35385 refs, 234 files)
I[17:47:17.728] Failed to compile C:\Users\patry\AppData\Local\Arduino15\packages\rp2040\hardware\rp2040\2.6.2\cores\rp2040\RP2040Support.cpp, index may be incomplete
I[17:47:17.809] --> $/progress
V[17:47:17.809] >>> {"jsonrpc":"2.0","method":"$/progress","params":{"token":"backgroundIndexProgress","value":{"kind":"report","message":"22/35","percentage":62}}}

I[17:47:17.809] --> $/progress
V[17:47:17.809] >>> {"jsonrpc":"2.0","method":"$/progress","params":{"token":"backgroundIndexProgress","value":{"kind":"report","message":"22/35","percentage":62}}}

V[17:47:17.812] Indexing C:\Users\patry\AppData\Local\Arduino15\packages\rp2040\hardware\rp2040\2.6.2\cores\rp2040\sdkoverride\cyw43_arch_threadsafe_background.c (digest:=1DAC6FCEB534A02B)
V[17:47:17.824] Ignored diagnostic. C:\Users\patry\AppData\Local\Arduino15\packages\rp2040\hardware\rp2040\2.6.2//pico-sdk/src/rp2_common/cmsis/stub/CMSIS/Core/Include\core_cm0plus.h:90:6:"Compiler generates FPU instructions for a device without an FPU (check __FPU_PRESENT)"
I[17:47:17.835] --> $/progress
V[17:47:17.835] >>> {"jsonrpc":"2.0","method":"$/progress","params":{"token":"backgroundIndexProgress","value":{"kind":"report","message":"23/35","percentage":65}}}

I[17:47:17.835] --> $/progress
V[17:47:17.835] >>> {"jsonrpc":"2.0","method":"$/progress","params":{"token":"backgroundIndexProgress","value":{"kind":"report","message":"23/35","percentage":65}}}

V[17:47:17.839] Ignored diagnostic. C:\Users\patry\AppData\Local\Arduino15\packages\rp2040\hardware\rp2040\2.6.2//pico-sdk/src/rp2_common/cmsis/stub/CMSIS/Core/Include\core_cm0plus.h:90:6:"Compiler generates FPU instructions for a device without an FPU (check __FPU_PRESENT)"
V[17:47:17.839] Indexing C:\Users\patry\AppData\Local\Arduino15\packages\rp2040\hardware\rp2040\2.6.2\cores\rp2040\Bootsel.cpp (digest:=3134D535EFF59CA7)
I[17:47:17.902] --> $/progress
V[17:47:17.902] >>> {"jsonrpc":"2.0","method":"$/progress","params":{"token":"backgroundIndexProgress","value":{"kind":"report","message":"24/35","percentage":68}}}

I[17:47:17.902] --> $/progress
V[17:47:17.902] >>> {"jsonrpc":"2.0","method":"$/progress","params":{"token":"backgroundIndexProgress","value":{"kind":"report","message":"24/35","percentage":68}}}

V[17:47:17.905] Indexing C:\Users\patry\AppData\Local\Arduino15\packages\rp2040\hardware\rp2040\2.6.2\cores\rp2040\Tone.cpp (digest:=1B604B1473EF6337)
I[17:47:18.359] Indexed C:\Users\patry\AppData\Local\Arduino15\packages\rp2040\hardware\rp2040\2.6.2\cores\rp2040\sdkoverride\cyw43_arch_threadsafe_background.c (1145 symbols, 17337 refs, 92 files)
V[17:47:18.433] Ignored diagnostic. C:\Users\patry\AppData\Local\Arduino15\packages\rp2040\hardware\rp2040\2.6.2//pico-sdk/src/rp2_common/cmsis/stub/CMSIS/Core/Include\core_cm0plus.h:90:6:"Compiler generates FPU instructions for a device without an FPU (check __FPU_PRESENT)"
V[17:47:18.612] Ignored diagnostic. C:\Users\patry\AppData\Local\Arduino15\packages\rp2040\hardware\rp2040\2.6.2//pico-sdk/src/rp2_common/cmsis/stub/CMSIS/Core/Include\core_cm0plus.h:90:6:"Compiler generates FPU instructions for a device without an FPU (check __FPU_PRESENT)"
V[17:47:18.650] Ignored diagnostic. C:\Users\patry\AppData\Local\Arduino15\packages\rp2040\hardware\rp2040\2.6.2//pico-sdk/src/rp2_common/cmsis/stub/CMSIS/Core/Include\core_cm0plus.h:90:6:"Compiler generates FPU instructions for a device without an FPU (check __FPU_PRESENT)"
V[17:47:18.759] Ignored diagnostic. C:\Users\patry\AppData\Local\Arduino15\packages\rp2040\hardware\rp2040\2.6.2//pico-sdk/src/rp2_common/cmsis/stub/CMSIS/Core/Include\core_cm0plus.h:90:6:"Compiler generates FPU instructions for a device without an FPU (check __FPU_PRESENT)"
I[17:47:18.924] Indexed C:\Users\patry\AppData\Local\Arduino15\packages\rp2040\hardware\rp2040\2.6.2\cores\rp2040\main.cpp (5431 symbols, 42602 refs, 236 files)
I[17:47:18.924] Failed to compile C:\Users\patry\AppData\Local\Arduino15\packages\rp2040\hardware\rp2040\2.6.2\cores\rp2040\main.cpp, index may be incomplete
I[17:47:19.037] --> $/progress
V[17:47:19.037] >>> {"jsonrpc":"2.0","method":"$/progress","params":{"token":"backgroundIndexProgress","value":{"kind":"report","message":"25/35","percentage":71}}}

I[17:47:19.037] --> $/progress
V[17:47:19.037] >>> {"jsonrpc":"2.0","method":"$/progress","params":{"token":"backgroundIndexProgress","value":{"kind":"report","message":"25/35","percentage":71}}}

V[17:47:19.043] Indexing C:\Users\patry\AppData\Local\Temp\arduino-language-server2514283856\sketch\button_interupt.ino.cpp (digest:=F64078E8D1B9E01D)
V[17:47:19.112] Ignored diagnostic. C:\Users\patry\AppData\Local\Arduino15\packages\rp2040\hardware\rp2040\2.6.2//pico-sdk/src/rp2_common/cmsis/stub/CMSIS/Core/Include\core_cm0plus.h:90:6:"Compiler generates FPU instructions for a device without an FPU (check __FPU_PRESENT)"
I[17:47:19.391] --> $/progress
V[17:47:19.391] >>> {"jsonrpc":"2.0","method":"$/progress","params":{"token":"backgroundIndexProgress","value":{"kind":"report","message":"26/35","percentage":74}}}

I[17:47:19.391] --> $/progress
V[17:47:19.391] >>> {"jsonrpc":"2.0","method":"$/progress","params":{"token":"backgroundIndexProgress","value":{"kind":"report","message":"26/35","percentage":74}}}

V[17:47:19.392] Indexing C:\Users\patry\AppData\Local\Arduino15\packages\rp2040\hardware\rp2040\2.6.2\cores\rp2040\posix.cpp (digest:=9CFE8B566D567C77)
I[17:47:19.447] Indexed C:\Users\patry\AppData\Local\Arduino15\packages\rp2040\hardware\rp2040\2.6.2\cores\rp2040\SerialPIO.cpp (5928 symbols, 48222 refs, 247 files)
I[17:47:19.447] Failed to compile C:\Users\patry\AppData\Local\Arduino15\packages\rp2040\hardware\rp2040\2.6.2\cores\rp2040\SerialPIO.cpp, index may be incomplete
I[17:47:19.539] Indexed C:\Users\patry\AppData\Local\Arduino15\packages\rp2040\hardware\rp2040\2.6.2\cores\rp2040\wiring_analog.cpp (5490 symbols, 44232 refs, 241 files)
I[17:47:19.539] Failed to compile C:\Users\patry\AppData\Local\Arduino15\packages\rp2040\hardware\rp2040\2.6.2\cores\rp2040\wiring_analog.cpp, index may be incomplete
I[17:47:19.615] Indexed C:\Users\patry\AppData\Local\Arduino15\packages\rp2040\hardware\rp2040\2.6.2\cores\rp2040\CoreMutex.cpp (5388 symbols, 42437 refs, 232 files)
I[17:47:19.615] Failed to compile C:\Users\patry\AppData\Local\Arduino15\packages\rp2040\hardware\rp2040\2.6.2\cores\rp2040\CoreMutex.cpp, index may be incomplete
I[17:47:19.645] --> $/progress
V[17:47:19.645] >>> {"jsonrpc":"2.0","method":"$/progress","params":{"token":"backgroundIndexProgress","value":{"kind":"report","message":"27/35","percentage":77}}}

I[17:47:19.645] --> $/progress
V[17:47:19.645] >>> {"jsonrpc":"2.0","method":"$/progress","params":{"token":"backgroundIndexProgress","value":{"kind":"report","message":"27/35","percentage":77}}}

V[17:47:19.649] Indexing C:\Users\patry\AppData\Local\Arduino15\packages\rp2040\hardware\rp2040\2.6.2\cores\rp2040\stdlib_noniso.cpp (digest:=CED011C835586E73)
I[17:47:19.672] Indexed C:\Users\patry\AppData\Local\Arduino15\packages\rp2040\hardware\rp2040\2.6.2\cores\rp2040\Bootsel.cpp (5416 symbols, 44288 refs, 236 files)
I[17:47:19.672] Failed to compile C:\Users\patry\AppData\Local\Arduino15\packages\rp2040\hardware\rp2040\2.6.2\cores\rp2040\Bootsel.cpp, index may be incomplete
I[17:47:19.680] --> $/progress
V[17:47:19.680] >>> {"jsonrpc":"2.0","method":"$/progress","params":{"token":"backgroundIndexProgress","value":{"kind":"report","message":"28/35","percentage":80}}}

I[17:47:19.764] --> $/progress
V[17:47:19.764] >>> {"jsonrpc":"2.0","method":"$/progress","params":{"token":"backgroundIndexProgress","value":{"kind":"report","message":"29/35","percentage":82}}}

V[17:47:19.794] Ignored diagnostic. C:\Users\patry\AppData\Local\Arduino15\packages\rp2040\hardware\rp2040\2.6.2//pico-sdk/src/rp2_common/cmsis/stub/CMSIS/Core/Include\core_cm0plus.h:90:6:"Compiler generates FPU instructions for a device without an FPU (check __FPU_PRESENT)"
I[17:47:19.804] --> $/progress
V[17:47:19.804] >>> {"jsonrpc":"2.0","method":"$/progress","params":{"token":"backgroundIndexProgress","value":{"kind":"report","message":"30/35","percentage":85}}}

V[17:47:20.139] Ignored diagnostic. C:\Users\patry\AppData\Local\Arduino15\packages\rp2040\hardware\rp2040\2.6.2//pico-sdk/src/rp2_common/cmsis/stub/CMSIS/Core/Include\core_cm0plus.h:90:6:"Compiler generates FPU instructions for a device without an FPU (check __FPU_PRESENT)"
I[17:47:20.199] Indexed C:\Users\patry\AppData\Local\Arduino15\packages\rp2040\hardware\rp2040\2.6.2\cores\rp2040\FS.cpp (6411 symbols, 53152 refs, 268 files)
I[17:47:20.199] Failed to compile C:\Users\patry\AppData\Local\Arduino15\packages\rp2040\hardware\rp2040\2.6.2\cores\rp2040\FS.cpp, index may be incomplete
I[17:47:20.217] Indexed C:\Users\patry\AppData\Local\Arduino15\packages\rp2040\hardware\rp2040\2.6.2\cores\rp2040\Tone.cpp (5927 symbols, 47908 refs, 247 files)
I[17:47:20.217] Failed to compile C:\Users\patry\AppData\Local\Arduino15\packages\rp2040\hardware\rp2040\2.6.2\cores\rp2040\Tone.cpp, index may be incomplete
I[17:47:20.299] --> $/progress
V[17:47:20.299] >>> {"jsonrpc":"2.0","method":"$/progress","params":{"token":"backgroundIndexProgress","value":{"kind":"report","message":"31/35","percentage":88}}}

I[17:47:20.374] Indexed C:\Users\patry\AppData\Local\Arduino15\packages\rp2040\hardware\rp2040\2.6.2\cores\rp2040\stdlib_noniso.cpp (2174 symbols, 10889 refs, 69 files)
I[17:47:20.684] Indexed C:\Users\patry\AppData\Local\Temp\arduino-language-server2514283856\sketch\button_interupt.ino.cpp (5389 symbols, 42433 refs, 232 files)
I[17:47:20.684] Failed to compile C:\Users\patry\AppData\Local\Temp\arduino-language-server2514283856\sketch\button_interupt.ino.cpp, index may be incomplete
I[17:47:20.709] --> $/progress
V[17:47:20.710] >>> {"jsonrpc":"2.0","method":"$/progress","params":{"token":"backgroundIndexProgress","value":{"kind":"report","message":"32/35","percentage":91}}}

I[17:47:20.740] --> $/progress
V[17:47:20.740] >>> {"jsonrpc":"2.0","method":"$/progress","params":{"token":"backgroundIndexProgress","value":{"kind":"report","message":"33/35","percentage":94}}}

I[17:47:20.969] Indexed C:\Users\patry\AppData\Local\Arduino15\packages\rp2040\hardware\rp2040\2.6.2\cores\rp2040\posix.cpp (5433 symbols, 42653 refs, 238 files)
I[17:47:20.969] Failed to compile C:\Users\patry\AppData\Local\Arduino15\packages\rp2040\hardware\rp2040\2.6.2\cores\rp2040\posix.cpp, index may be incomplete
I[17:47:21.056] --> $/progress
V[17:47:21.056] >>> {"jsonrpc":"2.0","method":"$/progress","params":{"token":"backgroundIndexProgress","value":{"kind":"report","message":"34/35","percentage":97}}}

V[17:47:21.136] BackgroundIndex: building version 2 when background indexer is idle
V[17:47:21.322] BackgroundIndex: serving version 2 (17247170 bytes)
I[17:47:21.326] --> $/progress
V[17:47:21.326] >>> {"jsonrpc":"2.0","method":"$/progress","params":{"token":"backgroundIndexProgress","value":{"kind":"end"}}}

V[17:48:24.290] <<< {"id":"4","jsonrpc":"2.0","method":"shutdown","params":null}

I[17:48:24.290] <-- shutdown("4")
I[17:48:24.290] --> reply:shutdown("4") 0 ms
V[17:48:24.290] >>> {"id":"4","jsonrpc":"2.0","result":null}

